Unable to get Js Errors. Exception: 
exception 'PHPUnit_Extensions_Selenium2TestCase_WebDriverException' with message 'move target out of bounds: Failed to read the 'localStorage' property from 'Window': Storage is disabled inside 'data:' URLs.
  (Session info: chrome=64.0.3282.167)
  (Driver info: chromedriver=2.35.528139 (47ead77cb35ad2a9a83248b292151462a66cd881),platform=Linux 4.4.0-112-generic x86_64)' in /var/www/html/src/dev/tests/functional/vendor/phpunit/phpunit-selenium/PHPUnit/Extensions/Selenium2TestCase/Driver.php:165
Stack trace:
#0 /var/www/html/src/dev/tests/functional/vendor/phpunit/phpunit-selenium/PHPUnit/Extensions/Selenium2TestCase/Driver.php(175): PHPUnit_Extensions_Selenium2TestCase_Driver->curl('POST', Object(PHPUnit_Extensions_Selenium2TestCase_URL), Array)
#1 /var/www/html/src/dev/tests/functional/vendor/phpunit/phpunit-selenium/PHPUnit/Extensions/Selenium2TestCase/CommandsHolder.php(100): PHPUnit_Extensions_Selenium2TestCase_Driver->execute(Object(PHPUnit_Extensions_Selenium2TestCase_ElementCommand_GenericPost))
#2 [internal function]: PHPUnit_Extensions_Selenium2TestCase_CommandsHolder->__call('execute', Array)
#3 [internal function]: PHPUnit_Extensions_Selenium2TestCase_Session->execute(Array)
#4 /var/www/html/src/dev/tests/functional/vendor/phpunit/phpunit-selenium/PHPUnit/Extensions/Selenium2TestCase.php(344): call_user_func_array(Array, Array)
#5 /var/www/html/src/dev/tests/functional/vendor/magento/mtf/Magento/Mtf/Client/Driver/Selenium/Driver.php(237): PHPUnit_Extensions_Selenium2TestCase->__call('execute', Array)
#6 /var/www/html/src/dev/tests/functional/vendor/magento/mtf/Magento/Mtf/Client/Driver/Selenium/Driver.php(237): Magento\Mtf\Client\Driver\Selenium\RemoteDriver->execute(Array)
#7 /var/www/html/src/dev/tests/functional/vendor/magento/mtf/Magento/Mtf/Client/Browser.php(264): Magento\Mtf\Client\Driver\Selenium\Driver->getJsErrors()
#8 /var/www/html/src/dev/tests/functional/vendor/magento/mtf/Magento/Mtf/System/Observer/ClientError.php(52): Magento\Mtf\Client\Browser->getJsErrors()
#9 /var/www/html/src/dev/tests/functional/vendor/magento/mtf/Magento/Mtf/System/Event/EventManager.php(83): Magento\Mtf\System\Observer\ClientError->process(Object(Magento\Mtf\System\Event\Event))
#10 /var/www/html/src/dev/tests/functional/vendor/magento/mtf/Magento/Mtf/TestCase/Injectable.php(170): Magento\Mtf\System\Event\EventManager->dispatchEvent(Array, Array)
#11 /var/www/html/src/dev/tests/functional/vendor/phpunit/phpunit/src/Framework/TestSuite.php(675): Magento\Mtf\TestCase\Injectable->run(Object(PHPUnit_Framework_TestResult))
#12 /var/www/html/src/dev/tests/functional/vendor/phpunit/phpunit/src/Framework/TestSuite.php(675): PHPUnit_Framework_TestSuite->run(Object(PHPUnit_Framework_TestResult))
#13 /var/www/html/src/dev/tests/functional/vendor/phpunit/phpunit/src/TextUI/TestRunner.php(426): PHPUnit_Framework_TestSuite->run(Object(PHPUnit_Framework_TestResult))
#14 /var/www/html/src/dev/tests/functional/vendor/phpunit/phpunit/src/TextUI/Command.php(179): PHPUnit_TextUI_TestRunner->doRun(Object(PHPUnit_Framework_TestSuite), Array)
#15 /var/www/html/src/dev/tests/functional/vendor/phpunit/phpunit/src/TextUI/Command.php(132): PHPUnit_TextUI_Command->run(Array, true)
#16 /var/www/html/src/dev/tests/functional/vendor/phpunit/phpunit/phpunit(55): PHPUnit_TextUI_Command::main()
#17 {main}
Unable to get Js Errors. Exception: 
exception 'PHPUnit_Extensions_Selenium2TestCase_WebDriverException' with message 'move target out of bounds: Failed to read the 'localStorage' property from 'Window': Access is denied for this document.
  (Session info: chrome=64.0.3282.167)
  (Driver info: chromedriver=2.35.528139 (47ead77cb35ad2a9a83248b292151462a66cd881),platform=Linux 4.4.0-112-generic x86_64)' in /var/www/html/src/dev/tests/functional/vendor/phpunit/phpunit-selenium/PHPUnit/Extensions/Selenium2TestCase/Driver.php:165
Stack trace:
#0 /var/www/html/src/dev/tests/functional/vendor/phpunit/phpunit-selenium/PHPUnit/Extensions/Selenium2TestCase/Driver.php(175): PHPUnit_Extensions_Selenium2TestCase_Driver->curl('POST', Object(PHPUnit_Extensions_Selenium2TestCase_URL), Array)
#1 /var/www/html/src/dev/tests/functional/vendor/phpunit/phpunit-selenium/PHPUnit/Extensions/Selenium2TestCase/CommandsHolder.php(100): PHPUnit_Extensions_Selenium2TestCase_Driver->execute(Object(PHPUnit_Extensions_Selenium2TestCase_ElementCommand_GenericPost))
#2 [internal function]: PHPUnit_Extensions_Selenium2TestCase_CommandsHolder->__call('execute', Array)
#3 [internal function]: PHPUnit_Extensions_Selenium2TestCase_Session->execute(Array)
#4 /var/www/html/src/dev/tests/functional/vendor/phpunit/phpunit-selenium/PHPUnit/Extensions/Selenium2TestCase.php(344): call_user_func_array(Array, Array)
#5 /var/www/html/src/dev/tests/functional/vendor/magento/mtf/Magento/Mtf/Client/Driver/Selenium/Driver.php(237): PHPUnit_Extensions_Selenium2TestCase->__call('execute', Array)
#6 /var/www/html/src/dev/tests/functional/vendor/magento/mtf/Magento/Mtf/Client/Driver/Selenium/Driver.php(237): Magento\Mtf\Client\Driver\Selenium\RemoteDriver->execute(Array)
#7 /var/www/html/src/dev/tests/functional/vendor/magento/mtf/Magento/Mtf/Client/Browser.php(264): Magento\Mtf\Client\Driver\Selenium\Driver->getJsErrors()
#8 /var/www/html/src/dev/tests/functional/vendor/magento/mtf/Magento/Mtf/System/Observer/ClientError.php(52): Magento\Mtf\Client\Browser->getJsErrors()
#9 /var/www/html/src/dev/tests/functional/vendor/magento/mtf/Magento/Mtf/System/Event/EventManager.php(83): Magento\Mtf\System\Observer\ClientError->process(Object(Magento\Mtf\System\Event\Event))
#10 /var/www/html/src/dev/tests/functional/vendor/magento/mtf/Magento/Mtf/System/Event/State.php(109): Magento\Mtf\System\Event\EventManager->dispatchEvent(Array, Array)
#11 /var/www/html/src/dev/tests/functional/vendor/magento/mtf/Magento/Mtf/System/Observer/PageUrl.php(44): Magento\Mtf\System\Event\State->setPageUrl('http://localhos...')
#12 /var/www/html/src/dev/tests/functional/vendor/magento/mtf/Magento/Mtf/System/Event/EventManager.php(83): Magento\Mtf\System\Observer\PageUrl->process(Object(Magento\Mtf\System\Event\Event))
#13 /var/www/html/src/dev/tests/functional/vendor/magento/mtf/Magento/Mtf/Client/Driver/Selenium/Driver.php(595): Magento\Mtf\System\Event\EventManager->dispatchEvent(Array, Array)
#14 /var/www/html/src/dev/tests/functional/vendor/magento/mtf/Magento/Mtf/Client/Browser.php(74): Magento\Mtf\Client\Driver\Selenium\Driver->open('http://localhos...')
#15 /var/www/html/src/dev/tests/functional/vendor/magento/mtf/Magento/Mtf/Page/Page.php(154): Magento\Mtf\Client\Browser->open('http://localhos...')
#16 /var/www/html/src/dev/tests/functional/lib/Magento/Mtf/Page/BackendPage.php(100): Magento\Mtf\Page\Page->open()
#17 /var/www/html/src/dev/tests/functional/lib/Magento/Mtf/Page/BackendPage.php(87): Magento\Mtf\Page\BackendPage->loginSuperAdmin(Array)
#18 /var/www/html/src/dev/tests/functional/tests/app/Mage/Admin/Test/TestCase/CreateAdminUserRoleEntityTest.php(84): Magento\Mtf\Page\BackendPage->open()
#19 [internal function]: Mage\Admin\Test\TestCase\CreateAdminUserRoleEntityTest->test(Object(Mage\Admin\Test\Fixture\Role))
#20 /var/www/html/src/dev/tests/functional/vendor/phpunit/phpunit/src/Framework/TestCase.php(951): ReflectionMethod->invokeArgs(Object(Mage\Admin\Test\TestCase\CreateAdminUserRoleEntityTest), Array)
#21 /var/www/html/src/dev/tests/functional/vendor/magento/mtf/Magento/Mtf/TestCase/Injectable.php(218): PHPUnit_Framework_TestCase->runTest()
#22 /var/www/html/src/dev/tests/functional/vendor/magento/mtf/Magento/Mtf/TestCase/Functional.php(288): Magento\Mtf\TestCase\Injectable->runTest()
#23 /var/www/html/src/dev/tests/functional/vendor/phpunit/phpunit/src/Framework/TestResult.php(686): Magento\Mtf\TestCase\Functional->runBare()
#24 /var/www/html/src/dev/tests/functional/vendor/phpunit/phpunit/src/Framework/TestCase.php(753): PHPUnit_Framework_TestResult->run(Object(Mage\Admin\Test\TestCase\CreateAdminUserRoleEntityTest))
#25 /var/www/html/src/dev/tests/functional/vendor/magento/mtf/Magento/Mtf/TestCase/Functional.php(202): PHPUnit_Framework_TestCase->run(Object(PHPUnit_Framework_TestResult))
#26 /var/www/html/src/dev/tests/functional/vendor/magento/mtf/Magento/Mtf/TestCase/Injectable.php(202): Magento\Mtf\TestCase\Functional->run(Object(PHPUnit_Framework_TestResult))
#27 /var/www/html/src/dev/tests/functional/vendor/magento/mtf/Magento/Mtf/TestCase/Injectable.php(160): Magento\Mtf\TestCase\Injectable->executeTestVariation(Object(PHPUnit_Framework_TestResult), Array)
#28 /var/www/html/src/dev/tests/functional/vendor/phpunit/phpunit/src/Framework/TestSuite.php(675): Magento\Mtf\TestCase\Injectable->run(Object(PHPUnit_Framework_TestResult))
#29 /var/www/html/src/dev/tests/functional/vendor/phpunit/phpunit/src/Framework/TestSuite.php(675): PHPUnit_Framework_TestSuite->run(Object(PHPUnit_Framework_TestResult))
#30 /var/www/html/src/dev/tests/functional/vendor/phpunit/phpunit/src/TextUI/TestRunner.php(426): PHPUnit_Framework_TestSuite->run(Object(PHPUnit_Framework_TestResult))
#31 /var/www/html/src/dev/tests/functional/vendor/phpunit/phpunit/src/TextUI/Command.php(179): PHPUnit_TextUI_TestRunner->doRun(Object(PHPUnit_Framework_TestSuite), Array)
#32 /var/www/html/src/dev/tests/functional/vendor/phpunit/phpunit/src/TextUI/Command.php(132): PHPUnit_TextUI_Command->run(Array, true)
#33 /var/www/html/src/dev/tests/functional/vendor/phpunit/phpunit/phpunit(55): PHPUnit_TextUI_Command::main()
#34 {main}
Unable to get Js Errors. Exception: 
exception 'PHPUnit_Extensions_Selenium2TestCase_WebDriverException' with message 'move target out of bounds: Failed to read the 'localStorage' property from 'Window': Access is denied for this document.
  (Session info: chrome=64.0.3282.167)
  (Driver info: chromedriver=2.35.528139 (47ead77cb35ad2a9a83248b292151462a66cd881),platform=Linux 4.4.0-112-generic x86_64)' in /var/www/html/src/dev/tests/functional/vendor/phpunit/phpunit-selenium/PHPUnit/Extensions/Selenium2TestCase/Driver.php:165
Stack trace:
#0 /var/www/html/src/dev/tests/functional/vendor/phpunit/phpunit-selenium/PHPUnit/Extensions/Selenium2TestCase/Driver.php(175): PHPUnit_Extensions_Selenium2TestCase_Driver->curl('POST', Object(PHPUnit_Extensions_Selenium2TestCase_URL), Array)
#1 /var/www/html/src/dev/tests/functional/vendor/phpunit/phpunit-selenium/PHPUnit/Extensions/Selenium2TestCase/CommandsHolder.php(100): PHPUnit_Extensions_Selenium2TestCase_Driver->execute(Object(PHPUnit_Extensions_Selenium2TestCase_ElementCommand_GenericPost))
#2 [internal function]: PHPUnit_Extensions_Selenium2TestCase_CommandsHolder->__call('execute', Array)
#3 [internal function]: PHPUnit_Extensions_Selenium2TestCase_Session->execute(Array)
#4 /var/www/html/src/dev/tests/functional/vendor/phpunit/phpunit-selenium/PHPUnit/Extensions/Selenium2TestCase.php(344): call_user_func_array(Array, Array)
#5 /var/www/html/src/dev/tests/functional/vendor/magento/mtf/Magento/Mtf/Client/Driver/Selenium/Driver.php(237): PHPUnit_Extensions_Selenium2TestCase->__call('execute', Array)
#6 /var/www/html/src/dev/tests/functional/vendor/magento/mtf/Magento/Mtf/Client/Driver/Selenium/Driver.php(237): Magento\Mtf\Client\Driver\Selenium\RemoteDriver->execute(Array)
#7 /var/www/html/src/dev/tests/functional/vendor/magento/mtf/Magento/Mtf/Client/Browser.php(264): Magento\Mtf\Client\Driver\Selenium\Driver->getJsErrors()
#8 /var/www/html/src/dev/tests/functional/vendor/magento/mtf/Magento/Mtf/System/Observer/ClientError.php(52): Magento\Mtf\Client\Browser->getJsErrors()
#9 /var/www/html/src/dev/tests/functional/vendor/magento/mtf/Magento/Mtf/System/Event/EventManager.php(83): Magento\Mtf\System\Observer\ClientError->process(Object(Magento\Mtf\System\Event\Event))
#10 /var/www/html/src/dev/tests/functional/vendor/magento/mtf/Magento/Mtf/System/Event/State.php(109): Magento\Mtf\System\Event\EventManager->dispatchEvent(Array, Array)
#11 /var/www/html/src/dev/tests/functional/vendor/magento/mtf/Magento/Mtf/System/Observer/PageUrl.php(44): Magento\Mtf\System\Event\State->setPageUrl('http://localhos...')
#12 /var/www/html/src/dev/tests/functional/vendor/magento/mtf/Magento/Mtf/System/Event/EventManager.php(83): Magento\Mtf\System\Observer\PageUrl->process(Object(Magento\Mtf\System\Event\Event))
#13 /var/www/html/src/dev/tests/functional/vendor/magento/mtf/Magento/Mtf/Client/Driver/Selenium/Driver.php(595): Magento\Mtf\System\Event\EventManager->dispatchEvent(Array, Array)
#14 /var/www/html/src/dev/tests/functional/vendor/magento/mtf/Magento/Mtf/Client/Browser.php(74): Magento\Mtf\Client\Driver\Selenium\Driver->open('http://localhos...')
#15 /var/www/html/src/dev/tests/functional/vendor/magento/mtf/Magento/Mtf/Page/Page.php(154): Magento\Mtf\Client\Browser->open('http://localhos...')
#16 /var/www/html/src/dev/tests/functional/lib/Magento/Mtf/Page/BackendPage.php(89): Magento\Mtf\Page\Page->open(Array)
#17 /var/www/html/src/dev/tests/functional/tests/app/Mage/Admin/Test/TestCase/CreateAdminUserRoleEntityTest.php(84): Magento\Mtf\Page\BackendPage->open()
#18 [internal function]: Mage\Admin\Test\TestCase\CreateAdminUserRoleEntityTest->test(Object(Mage\Admin\Test\Fixture\Role))
#19 /var/www/html/src/dev/tests/functional/vendor/phpunit/phpunit/src/Framework/TestCase.php(951): ReflectionMethod->invokeArgs(Object(Mage\Admin\Test\TestCase\CreateAdminUserRoleEntityTest), Array)
#20 /var/www/html/src/dev/tests/functional/vendor/magento/mtf/Magento/Mtf/TestCase/Injectable.php(218): PHPUnit_Framework_TestCase->runTest()
#21 /var/www/html/src/dev/tests/functional/vendor/magento/mtf/Magento/Mtf/TestCase/Functional.php(288): Magento\Mtf\TestCase\Injectable->runTest()
#22 /var/www/html/src/dev/tests/functional/vendor/phpunit/phpunit/src/Framework/TestResult.php(686): Magento\Mtf\TestCase\Functional->runBare()
#23 /var/www/html/src/dev/tests/functional/vendor/phpunit/phpunit/src/Framework/TestCase.php(753): PHPUnit_Framework_TestResult->run(Object(Mage\Admin\Test\TestCase\CreateAdminUserRoleEntityTest))
#24 /var/www/html/src/dev/tests/functional/vendor/magento/mtf/Magento/Mtf/TestCase/Functional.php(202): PHPUnit_Framework_TestCase->run(Object(PHPUnit_Framework_TestResult))
#25 /var/www/html/src/dev/tests/functional/vendor/magento/mtf/Magento/Mtf/TestCase/Injectable.php(202): Magento\Mtf\TestCase\Functional->run(Object(PHPUnit_Framework_TestResult))
#26 /var/www/html/src/dev/tests/functional/vendor/magento/mtf/Magento/Mtf/TestCase/Injectable.php(160): Magento\Mtf\TestCase\Injectable->executeTestVariation(Object(PHPUnit_Framework_TestResult), Array)
#27 /var/www/html/src/dev/tests/functional/vendor/phpunit/phpunit/src/Framework/TestSuite.php(675): Magento\Mtf\TestCase\Injectable->run(Object(PHPUnit_Framework_TestResult))
#28 /var/www/html/src/dev/tests/functional/vendor/phpunit/phpunit/src/Framework/TestSuite.php(675): PHPUnit_Framework_TestSuite->run(Object(PHPUnit_Framework_TestResult))
#29 /var/www/html/src/dev/tests/functional/vendor/phpunit/phpunit/src/TextUI/TestRunner.php(426): PHPUnit_Framework_TestSuite->run(Object(PHPUnit_Framework_TestResult))
#30 /var/www/html/src/dev/tests/functional/vendor/phpunit/phpunit/src/TextUI/Command.php(179): PHPUnit_TextUI_TestRunner->doRun(Object(PHPUnit_Framework_TestSuite), Array)
#31 /var/www/html/src/dev/tests/functional/vendor/phpunit/phpunit/src/TextUI/Command.php(132): PHPUnit_TextUI_Command->run(Array, true)
#32 /var/www/html/src/dev/tests/functional/vendor/phpunit/phpunit/phpunit(55): PHPUnit_TextUI_Command::main()
#33 {main}
Unable to get Js Errors. Exception: 
exception 'PHPUnit_Extensions_Selenium2TestCase_WebDriverException' with message 'move target out of bounds: Failed to read the 'localStorage' property from 'Window': Access is denied for this document.
  (Session info: chrome=64.0.3282.167)
  (Driver info: chromedriver=2.35.528139 (47ead77cb35ad2a9a83248b292151462a66cd881),platform=Linux 4.4.0-112-generic x86_64)' in /var/www/html/src/dev/tests/functional/vendor/phpunit/phpunit-selenium/PHPUnit/Extensions/Selenium2TestCase/Driver.php:165
Stack trace:
#0 /var/www/html/src/dev/tests/functional/vendor/phpunit/phpunit-selenium/PHPUnit/Extensions/Selenium2TestCase/Driver.php(175): PHPUnit_Extensions_Selenium2TestCase_Driver->curl('POST', Object(PHPUnit_Extensions_Selenium2TestCase_URL), Array)
#1 /var/www/html/src/dev/tests/functional/vendor/phpunit/phpunit-selenium/PHPUnit/Extensions/Selenium2TestCase/CommandsHolder.php(100): PHPUnit_Extensions_Selenium2TestCase_Driver->execute(Object(PHPUnit_Extensions_Selenium2TestCase_ElementCommand_GenericPost))
#2 [internal function]: PHPUnit_Extensions_Selenium2TestCase_CommandsHolder->__call('execute', Array)
#3 [internal function]: PHPUnit_Extensions_Selenium2TestCase_Session->execute(Array)
#4 /var/www/html/src/dev/tests/functional/vendor/phpunit/phpunit-selenium/PHPUnit/Extensions/Selenium2TestCase.php(344): call_user_func_array(Array, Array)
#5 /var/www/html/src/dev/tests/functional/vendor/magento/mtf/Magento/Mtf/Client/Driver/Selenium/Driver.php(237): PHPUnit_Extensions_Selenium2TestCase->__call('execute', Array)
#6 /var/www/html/src/dev/tests/functional/vendor/magento/mtf/Magento/Mtf/Client/Driver/Selenium/Driver.php(237): Magento\Mtf\Client\Driver\Selenium\RemoteDriver->execute(Array)
#7 /var/www/html/src/dev/tests/functional/vendor/magento/mtf/Magento/Mtf/Client/Browser.php(264): Magento\Mtf\Client\Driver\Selenium\Driver->getJsErrors()
#8 /var/www/html/src/dev/tests/functional/vendor/magento/mtf/Magento/Mtf/System/Observer/ClientError.php(52): Magento\Mtf\Client\Browser->getJsErrors()
#9 /var/www/html/src/dev/tests/functional/vendor/magento/mtf/Magento/Mtf/System/Event/EventManager.php(83): Magento\Mtf\System\Observer\ClientError->process(Object(Magento\Mtf\System\Event\Event))
#10 /var/www/html/src/dev/tests/functional/vendor/magento/mtf/Magento/Mtf/TestCase/Functional.php(305): Magento\Mtf\System\Event\EventManager->dispatchEvent(Array, Array)
#11 /var/www/html/src/dev/tests/functional/vendor/phpunit/phpunit/src/Framework/TestResult.php(686): Magento\Mtf\TestCase\Functional->runBare()
#12 /var/www/html/src/dev/tests/functional/vendor/phpunit/phpunit/src/Framework/TestCase.php(753): PHPUnit_Framework_TestResult->run(Object(Mage\Admin\Test\TestCase\CreateAdminUserRoleEntityTest))
#13 /var/www/html/src/dev/tests/functional/vendor/magento/mtf/Magento/Mtf/TestCase/Functional.php(202): PHPUnit_Framework_TestCase->run(Object(PHPUnit_Framework_TestResult))
#14 /var/www/html/src/dev/tests/functional/vendor/magento/mtf/Magento/Mtf/TestCase/Injectable.php(202): Magento\Mtf\TestCase\Functional->run(Object(PHPUnit_Framework_TestResult))
#15 /var/www/html/src/dev/tests/functional/vendor/magento/mtf/Magento/Mtf/TestCase/Injectable.php(160): Magento\Mtf\TestCase\Injectable->executeTestVariation(Object(PHPUnit_Framework_TestResult), Array)
#16 /var/www/html/src/dev/tests/functional/vendor/phpunit/phpunit/src/Framework/TestSuite.php(675): Magento\Mtf\TestCase\Injectable->run(Object(PHPUnit_Framework_TestResult))
#17 /var/www/html/src/dev/tests/functional/vendor/phpunit/phpunit/src/Framework/TestSuite.php(675): PHPUnit_Framework_TestSuite->run(Object(PHPUnit_Framework_TestResult))
#18 /var/www/html/src/dev/tests/functional/vendor/phpunit/phpunit/src/TextUI/TestRunner.php(426): PHPUnit_Framework_TestSuite->run(Object(PHPUnit_Framework_TestResult))
#19 /var/www/html/src/dev/tests/functional/vendor/phpunit/phpunit/src/TextUI/Command.php(179): PHPUnit_TextUI_TestRunner->doRun(Object(PHPUnit_Framework_TestSuite), Array)
#20 /var/www/html/src/dev/tests/functional/vendor/phpunit/phpunit/src/TextUI/Command.php(132): PHPUnit_TextUI_Command->run(Array, true)
#21 /var/www/html/src/dev/tests/functional/vendor/phpunit/phpunit/phpunit(55): PHPUnit_TextUI_Command::main()
#22 {main}
Unable to get Js Errors. Exception: 
exception 'PHPUnit_Extensions_Selenium2TestCase_WebDriverException' with message 'move target out of bounds: Failed to read the 'localStorage' property from 'Window': Access is denied for this document.
  (Session info: chrome=64.0.3282.167)
  (Driver info: chromedriver=2.35.528139 (47ead77cb35ad2a9a83248b292151462a66cd881),platform=Linux 4.4.0-112-generic x86_64)' in /var/www/html/src/dev/tests/functional/vendor/phpunit/phpunit-selenium/PHPUnit/Extensions/Selenium2TestCase/Driver.php:165
Stack trace:
#0 /var/www/html/src/dev/tests/functional/vendor/phpunit/phpunit-selenium/PHPUnit/Extensions/Selenium2TestCase/Driver.php(175): PHPUnit_Extensions_Selenium2TestCase_Driver->curl('POST', Object(PHPUnit_Extensions_Selenium2TestCase_URL), Array)
#1 /var/www/html/src/dev/tests/functional/vendor/phpunit/phpunit-selenium/PHPUnit/Extensions/Selenium2TestCase/CommandsHolder.php(100): PHPUnit_Extensions_Selenium2TestCase_Driver->execute(Object(PHPUnit_Extensions_Selenium2TestCase_ElementCommand_GenericPost))
#2 [internal function]: PHPUnit_Extensions_Selenium2TestCase_CommandsHolder->__call('execute', Array)
#3 [internal function]: PHPUnit_Extensions_Selenium2TestCase_Session->execute(Array)
#4 /var/www/html/src/dev/tests/functional/vendor/phpunit/phpunit-selenium/PHPUnit/Extensions/Selenium2TestCase.php(344): call_user_func_array(Array, Array)
#5 /var/www/html/src/dev/tests/functional/vendor/magento/mtf/Magento/Mtf/Client/Driver/Selenium/Driver.php(237): PHPUnit_Extensions_Selenium2TestCase->__call('execute', Array)
#6 /var/www/html/src/dev/tests/functional/vendor/magento/mtf/Magento/Mtf/Client/Driver/Selenium/Driver.php(237): Magento\Mtf\Client\Driver\Selenium\RemoteDriver->execute(Array)
#7 /var/www/html/src/dev/tests/functional/vendor/magento/mtf/Magento/Mtf/Client/Browser.php(264): Magento\Mtf\Client\Driver\Selenium\Driver->getJsErrors()
#8 /var/www/html/src/dev/tests/functional/vendor/magento/mtf/Magento/Mtf/System/Observer/ClientError.php(52): Magento\Mtf\Client\Browser->getJsErrors()
#9 /var/www/html/src/dev/tests/functional/vendor/magento/mtf/Magento/Mtf/System/Event/EventManager.php(83): Magento\Mtf\System\Observer\ClientError->process(Object(Magento\Mtf\System\Event\Event))
#10 /var/www/html/src/dev/tests/functional/vendor/magento/mtf/Magento/Mtf/System/Event/State.php(109): Magento\Mtf\System\Event\EventManager->dispatchEvent(Array, Array)
#11 /var/www/html/src/dev/tests/functional/vendor/magento/mtf/Magento/Mtf/System/Observer/PageUrl.php(44): Magento\Mtf\System\Event\State->setPageUrl('http://localhos...')
#12 /var/www/html/src/dev/tests/functional/vendor/magento/mtf/Magento/Mtf/System/Event/EventManager.php(83): Magento\Mtf\System\Observer\PageUrl->process(Object(Magento\Mtf\System\Event\Event))
#13 /var/www/html/src/dev/tests/functional/vendor/magento/mtf/Magento/Mtf/Client/Driver/Selenium/Driver.php(595): Magento\Mtf\System\Event\EventManager->dispatchEvent(Array, Array)
#14 /var/www/html/src/dev/tests/functional/vendor/magento/mtf/Magento/Mtf/Client/Browser.php(74): Magento\Mtf\Client\Driver\Selenium\Driver->open('http://localhos...')
#15 /var/www/html/src/dev/tests/functional/vendor/magento/mtf/Magento/Mtf/Page/Page.php(154): Magento\Mtf\Client\Browser->open('http://localhos...')
#16 /var/www/html/src/dev/tests/functional/lib/Magento/Mtf/Page/BackendPage.php(100): Magento\Mtf\Page\Page->open()
#17 /var/www/html/src/dev/tests/functional/lib/Magento/Mtf/Page/BackendPage.php(87): Magento\Mtf\Page\BackendPage->loginSuperAdmin(Array)
#18 /var/www/html/src/dev/tests/functional/tests/app/Mage/Admin/Test/TestCase/CreateAdminUserRoleEntityTest.php(84): Magento\Mtf\Page\BackendPage->open()
#19 [internal function]: Mage\Admin\Test\TestCase\CreateAdminUserRoleEntityTest->test(Object(Mage\Admin\Test\Fixture\Role))
#20 /var/www/html/src/dev/tests/functional/vendor/phpunit/phpunit/src/Framework/TestCase.php(951): ReflectionMethod->invokeArgs(Object(Mage\Admin\Test\TestCase\CreateAdminUserRoleEntityTest), Array)
#21 /var/www/html/src/dev/tests/functional/vendor/magento/mtf/Magento/Mtf/TestCase/Injectable.php(218): PHPUnit_Framework_TestCase->runTest()
#22 /var/www/html/src/dev/tests/functional/vendor/magento/mtf/Magento/Mtf/TestCase/Functional.php(288): Magento\Mtf\TestCase\Injectable->runTest()
#23 /var/www/html/src/dev/tests/functional/vendor/phpunit/phpunit/src/Framework/TestResult.php(686): Magento\Mtf\TestCase\Functional->runBare()
#24 /var/www/html/src/dev/tests/functional/vendor/phpunit/phpunit/src/Framework/TestCase.php(753): PHPUnit_Framework_TestResult->run(Object(Mage\Admin\Test\TestCase\CreateAdminUserRoleEntityTest))
#25 /var/www/html/src/dev/tests/functional/vendor/magento/mtf/Magento/Mtf/TestCase/Functional.php(202): PHPUnit_Framework_TestCase->run(Object(PHPUnit_Framework_TestResult))
#26 /var/www/html/src/dev/tests/functional/vendor/magento/mtf/Magento/Mtf/TestCase/Injectable.php(202): Magento\Mtf\TestCase\Functional->run(Object(PHPUnit_Framework_TestResult))
#27 /var/www/html/src/dev/tests/functional/vendor/magento/mtf/Magento/Mtf/TestCase/Injectable.php(160): Magento\Mtf\TestCase\Injectable->executeTestVariation(Object(PHPUnit_Framework_TestResult), Array)
#28 /var/www/html/src/dev/tests/functional/vendor/phpunit/phpunit/src/Framework/TestSuite.php(675): Magento\Mtf\TestCase\Injectable->run(Object(PHPUnit_Framework_TestResult))
#29 /var/www/html/src/dev/tests/functional/vendor/phpunit/phpunit/src/Framework/TestSuite.php(675): PHPUnit_Framework_TestSuite->run(Object(PHPUnit_Framework_TestResult))
#30 /var/www/html/src/dev/tests/functional/vendor/phpunit/phpunit/src/TextUI/TestRunner.php(426): PHPUnit_Framework_TestSuite->run(Object(PHPUnit_Framework_TestResult))
#31 /var/www/html/src/dev/tests/functional/vendor/phpunit/phpunit/src/TextUI/Command.php(179): PHPUnit_TextUI_TestRunner->doRun(Object(PHPUnit_Framework_TestSuite), Array)
#32 /var/www/html/src/dev/tests/functional/vendor/phpunit/phpunit/src/TextUI/Command.php(132): PHPUnit_TextUI_Command->run(Array, true)
#33 /var/www/html/src/dev/tests/functional/vendor/phpunit/phpunit/phpunit(55): PHPUnit_TextUI_Command::main()
#34 {main}
Unable to get Js Errors. Exception: 
exception 'PHPUnit_Extensions_Selenium2TestCase_WebDriverException' with message 'move target out of bounds: Failed to read the 'localStorage' property from 'Window': Access is denied for this document.
  (Session info: chrome=64.0.3282.167)
  (Driver info: chromedriver=2.35.528139 (47ead77cb35ad2a9a83248b292151462a66cd881),platform=Linux 4.4.0-112-generic x86_64)' in /var/www/html/src/dev/tests/functional/vendor/phpunit/phpunit-selenium/PHPUnit/Extensions/Selenium2TestCase/Driver.php:165
Stack trace:
#0 /var/www/html/src/dev/tests/functional/vendor/phpunit/phpunit-selenium/PHPUnit/Extensions/Selenium2TestCase/Driver.php(175): PHPUnit_Extensions_Selenium2TestCase_Driver->curl('POST', Object(PHPUnit_Extensions_Selenium2TestCase_URL), Array)
#1 /var/www/html/src/dev/tests/functional/vendor/phpunit/phpunit-selenium/PHPUnit/Extensions/Selenium2TestCase/CommandsHolder.php(100): PHPUnit_Extensions_Selenium2TestCase_Driver->execute(Object(PHPUnit_Extensions_Selenium2TestCase_ElementCommand_GenericPost))
#2 [internal function]: PHPUnit_Extensions_Selenium2TestCase_CommandsHolder->__call('execute', Array)
#3 [internal function]: PHPUnit_Extensions_Selenium2TestCase_Session->execute(Array)
#4 /var/www/html/src/dev/tests/functional/vendor/phpunit/phpunit-selenium/PHPUnit/Extensions/Selenium2TestCase.php(344): call_user_func_array(Array, Array)
#5 /var/www/html/src/dev/tests/functional/vendor/magento/mtf/Magento/Mtf/Client/Driver/Selenium/Driver.php(237): PHPUnit_Extensions_Selenium2TestCase->__call('execute', Array)
#6 /var/www/html/src/dev/tests/functional/vendor/magento/mtf/Magento/Mtf/Client/Driver/Selenium/Driver.php(237): Magento\Mtf\Client\Driver\Selenium\RemoteDriver->execute(Array)
#7 /var/www/html/src/dev/tests/functional/vendor/magento/mtf/Magento/Mtf/Client/Browser.php(264): Magento\Mtf\Client\Driver\Selenium\Driver->getJsErrors()
#8 /var/www/html/src/dev/tests/functional/vendor/magento/mtf/Magento/Mtf/System/Observer/ClientError.php(52): Magento\Mtf\Client\Browser->getJsErrors()
#9 /var/www/html/src/dev/tests/functional/vendor/magento/mtf/Magento/Mtf/System/Event/EventManager.php(83): Magento\Mtf\System\Observer\ClientError->process(Object(Magento\Mtf\System\Event\Event))
#10 /var/www/html/src/dev/tests/functional/vendor/magento/mtf/Magento/Mtf/System/Event/State.php(109): Magento\Mtf\System\Event\EventManager->dispatchEvent(Array, Array)
#11 /var/www/html/src/dev/tests/functional/vendor/magento/mtf/Magento/Mtf/System/Observer/PageUrl.php(44): Magento\Mtf\System\Event\State->setPageUrl('http://localhos...')
#12 /var/www/html/src/dev/tests/functional/vendor/magento/mtf/Magento/Mtf/System/Event/EventManager.php(83): Magento\Mtf\System\Observer\PageUrl->process(Object(Magento\Mtf\System\Event\Event))
#13 /var/www/html/src/dev/tests/functional/vendor/magento/mtf/Magento/Mtf/Client/Driver/Selenium/Driver.php(595): Magento\Mtf\System\Event\EventManager->dispatchEvent(Array, Array)
#14 /var/www/html/src/dev/tests/functional/vendor/magento/mtf/Magento/Mtf/Client/Browser.php(74): Magento\Mtf\Client\Driver\Selenium\Driver->open('http://localhos...')
#15 /var/www/html/src/dev/tests/functional/vendor/magento/mtf/Magento/Mtf/Page/Page.php(154): Magento\Mtf\Client\Browser->open('http://localhos...')
#16 /var/www/html/src/dev/tests/functional/lib/Magento/Mtf/Page/BackendPage.php(89): Magento\Mtf\Page\Page->open(Array)
#17 /var/www/html/src/dev/tests/functional/tests/app/Mage/Admin/Test/TestCase/CreateAdminUserRoleEntityTest.php(84): Magento\Mtf\Page\BackendPage->open()
#18 [internal function]: Mage\Admin\Test\TestCase\CreateAdminUserRoleEntityTest->test(Object(Mage\Admin\Test\Fixture\Role))
#19 /var/www/html/src/dev/tests/functional/vendor/phpunit/phpunit/src/Framework/TestCase.php(951): ReflectionMethod->invokeArgs(Object(Mage\Admin\Test\TestCase\CreateAdminUserRoleEntityTest), Array)
#20 /var/www/html/src/dev/tests/functional/vendor/magento/mtf/Magento/Mtf/TestCase/Injectable.php(218): PHPUnit_Framework_TestCase->runTest()
#21 /var/www/html/src/dev/tests/functional/vendor/magento/mtf/Magento/Mtf/TestCase/Functional.php(288): Magento\Mtf\TestCase\Injectable->runTest()
#22 /var/www/html/src/dev/tests/functional/vendor/phpunit/phpunit/src/Framework/TestResult.php(686): Magento\Mtf\TestCase\Functional->runBare()
#23 /var/www/html/src/dev/tests/functional/vendor/phpunit/phpunit/src/Framework/TestCase.php(753): PHPUnit_Framework_TestResult->run(Object(Mage\Admin\Test\TestCase\CreateAdminUserRoleEntityTest))
#24 /var/www/html/src/dev/tests/functional/vendor/magento/mtf/Magento/Mtf/TestCase/Functional.php(202): PHPUnit_Framework_TestCase->run(Object(PHPUnit_Framework_TestResult))
#25 /var/www/html/src/dev/tests/functional/vendor/magento/mtf/Magento/Mtf/TestCase/Injectable.php(202): Magento\Mtf\TestCase\Functional->run(Object(PHPUnit_Framework_TestResult))
#26 /var/www/html/src/dev/tests/functional/vendor/magento/mtf/Magento/Mtf/TestCase/Injectable.php(160): Magento\Mtf\TestCase\Injectable->executeTestVariation(Object(PHPUnit_Framework_TestResult), Array)
#27 /var/www/html/src/dev/tests/functional/vendor/phpunit/phpunit/src/Framework/TestSuite.php(675): Magento\Mtf\TestCase\Injectable->run(Object(PHPUnit_Framework_TestResult))
#28 /var/www/html/src/dev/tests/functional/vendor/phpunit/phpunit/src/Framework/TestSuite.php(675): PHPUnit_Framework_TestSuite->run(Object(PHPUnit_Framework_TestResult))
#29 /var/www/html/src/dev/tests/functional/vendor/phpunit/phpunit/src/TextUI/TestRunner.php(426): PHPUnit_Framework_TestSuite->run(Object(PHPUnit_Framework_TestResult))
#30 /var/www/html/src/dev/tests/functional/vendor/phpunit/phpunit/src/TextUI/Command.php(179): PHPUnit_TextUI_TestRunner->doRun(Object(PHPUnit_Framework_TestSuite), Array)
#31 /var/www/html/src/dev/tests/functional/vendor/phpunit/phpunit/src/TextUI/Command.php(132): PHPUnit_TextUI_Command->run(Array, true)
#32 /var/www/html/src/dev/tests/functional/vendor/phpunit/phpunit/phpunit(55): PHPUnit_TextUI_Command::main()
#33 {main}
Unable to get Js Errors. Exception: 
exception 'PHPUnit_Extensions_Selenium2TestCase_WebDriverException' with message 'move target out of bounds: Failed to read the 'localStorage' property from 'Window': Access is denied for this document.
  (Session info: chrome=64.0.3282.167)
  (Driver info: chromedriver=2.35.528139 (47ead77cb35ad2a9a83248b292151462a66cd881),platform=Linux 4.4.0-112-generic x86_64)' in /var/www/html/src/dev/tests/functional/vendor/phpunit/phpunit-selenium/PHPUnit/Extensions/Selenium2TestCase/Driver.php:165
Stack trace:
#0 /var/www/html/src/dev/tests/functional/vendor/phpunit/phpunit-selenium/PHPUnit/Extensions/Selenium2TestCase/Driver.php(175): PHPUnit_Extensions_Selenium2TestCase_Driver->curl('POST', Object(PHPUnit_Extensions_Selenium2TestCase_URL), Array)
#1 /var/www/html/src/dev/tests/functional/vendor/phpunit/phpunit-selenium/PHPUnit/Extensions/Selenium2TestCase/CommandsHolder.php(100): PHPUnit_Extensions_Selenium2TestCase_Driver->execute(Object(PHPUnit_Extensions_Selenium2TestCase_ElementCommand_GenericPost))
#2 [internal function]: PHPUnit_Extensions_Selenium2TestCase_CommandsHolder->__call('execute', Array)
#3 [internal function]: PHPUnit_Extensions_Selenium2TestCase_Session->execute(Array)
#4 /var/www/html/src/dev/tests/functional/vendor/phpunit/phpunit-selenium/PHPUnit/Extensions/Selenium2TestCase.php(344): call_user_func_array(Array, Array)
#5 /var/www/html/src/dev/tests/functional/vendor/magento/mtf/Magento/Mtf/Client/Driver/Selenium/Driver.php(237): PHPUnit_Extensions_Selenium2TestCase->__call('execute', Array)
#6 /var/www/html/src/dev/tests/functional/vendor/magento/mtf/Magento/Mtf/Client/Driver/Selenium/Driver.php(237): Magento\Mtf\Client\Driver\Selenium\RemoteDriver->execute(Array)
#7 /var/www/html/src/dev/tests/functional/vendor/magento/mtf/Magento/Mtf/Client/Browser.php(264): Magento\Mtf\Client\Driver\Selenium\Driver->getJsErrors()
#8 /var/www/html/src/dev/tests/functional/vendor/magento/mtf/Magento/Mtf/System/Observer/ClientError.php(52): Magento\Mtf\Client\Browser->getJsErrors()
#9 /var/www/html/src/dev/tests/functional/vendor/magento/mtf/Magento/Mtf/System/Event/EventManager.php(83): Magento\Mtf\System\Observer\ClientError->process(Object(Magento\Mtf\System\Event\Event))
#10 /var/www/html/src/dev/tests/functional/vendor/magento/mtf/Magento/Mtf/TestCase/Functional.php(305): Magento\Mtf\System\Event\EventManager->dispatchEvent(Array, Array)
#11 /var/www/html/src/dev/tests/functional/vendor/phpunit/phpunit/src/Framework/TestResult.php(686): Magento\Mtf\TestCase\Functional->runBare()
#12 /var/www/html/src/dev/tests/functional/vendor/phpunit/phpunit/src/Framework/TestCase.php(753): PHPUnit_Framework_TestResult->run(Object(Mage\Admin\Test\TestCase\CreateAdminUserRoleEntityTest))
#13 /var/www/html/src/dev/tests/functional/vendor/magento/mtf/Magento/Mtf/TestCase/Functional.php(202): PHPUnit_Framework_TestCase->run(Object(PHPUnit_Framework_TestResult))
#14 /var/www/html/src/dev/tests/functional/vendor/magento/mtf/Magento/Mtf/TestCase/Injectable.php(202): Magento\Mtf\TestCase\Functional->run(Object(PHPUnit_Framework_TestResult))
#15 /var/www/html/src/dev/tests/functional/vendor/magento/mtf/Magento/Mtf/TestCase/Injectable.php(160): Magento\Mtf\TestCase\Injectable->executeTestVariation(Object(PHPUnit_Framework_TestResult), Array)
#16 /var/www/html/src/dev/tests/functional/vendor/phpunit/phpunit/src/Framework/TestSuite.php(675): Magento\Mtf\TestCase\Injectable->run(Object(PHPUnit_Framework_TestResult))
#17 /var/www/html/src/dev/tests/functional/vendor/phpunit/phpunit/src/Framework/TestSuite.php(675): PHPUnit_Framework_TestSuite->run(Object(PHPUnit_Framework_TestResult))
#18 /var/www/html/src/dev/tests/functional/vendor/phpunit/phpunit/src/TextUI/TestRunner.php(426): PHPUnit_Framework_TestSuite->run(Object(PHPUnit_Framework_TestResult))
#19 /var/www/html/src/dev/tests/functional/vendor/phpunit/phpunit/src/TextUI/Command.php(179): PHPUnit_TextUI_TestRunner->doRun(Object(PHPUnit_Framework_TestSuite), Array)
#20 /var/www/html/src/dev/tests/functional/vendor/phpunit/phpunit/src/TextUI/Command.php(132): PHPUnit_TextUI_Command->run(Array, true)
#21 /var/www/html/src/dev/tests/functional/vendor/phpunit/phpunit/phpunit(55): PHPUnit_TextUI_Command::main()
#22 {main}
Unable to get Js Errors. Exception: 
exception 'PHPUnit_Extensions_Selenium2TestCase_WebDriverException' with message 'move target out of bounds: Failed to read the 'localStorage' property from 'Window': Storage is disabled inside 'data:' URLs.
  (Session info: chrome=64.0.3282.167)
  (Driver info: chromedriver=2.35.528139 (47ead77cb35ad2a9a83248b292151462a66cd881),platform=Linux 4.4.0-112-generic x86_64)' in /var/www/html/src/dev/tests/functional/vendor/phpunit/phpunit-selenium/PHPUnit/Extensions/Selenium2TestCase/Driver.php:165
Stack trace:
#0 /var/www/html/src/dev/tests/functional/vendor/phpunit/phpunit-selenium/PHPUnit/Extensions/Selenium2TestCase/Driver.php(175): PHPUnit_Extensions_Selenium2TestCase_Driver->curl('POST', Object(PHPUnit_Extensions_Selenium2TestCase_URL), Array)
#1 /var/www/html/src/dev/tests/functional/vendor/phpunit/phpunit-selenium/PHPUnit/Extensions/Selenium2TestCase/CommandsHolder.php(100): PHPUnit_Extensions_Selenium2TestCase_Driver->execute(Object(PHPUnit_Extensions_Selenium2TestCase_ElementCommand_GenericPost))
#2 [internal function]: PHPUnit_Extensions_Selenium2TestCase_CommandsHolder->__call('execute', Array)
#3 [internal function]: PHPUnit_Extensions_Selenium2TestCase_Session->execute(Array)
#4 /var/www/html/src/dev/tests/functional/vendor/phpunit/phpunit-selenium/PHPUnit/Extensions/Selenium2TestCase.php(344): call_user_func_array(Array, Array)
#5 /var/www/html/src/dev/tests/functional/vendor/magento/mtf/Magento/Mtf/Client/Driver/Selenium/Driver.php(237): PHPUnit_Extensions_Selenium2TestCase->__call('execute', Array)
#6 /var/www/html/src/dev/tests/functional/vendor/magento/mtf/Magento/Mtf/Client/Driver/Selenium/Driver.php(237): Magento\Mtf\Client\Driver\Selenium\RemoteDriver->execute(Array)
#7 /var/www/html/src/dev/tests/functional/vendor/magento/mtf/Magento/Mtf/Client/Browser.php(264): Magento\Mtf\Client\Driver\Selenium\Driver->getJsErrors()
#8 /var/www/html/src/dev/tests/functional/vendor/magento/mtf/Magento/Mtf/System/Observer/ClientError.php(52): Magento\Mtf\Client\Browser->getJsErrors()
#9 /var/www/html/src/dev/tests/functional/vendor/magento/mtf/Magento/Mtf/System/Event/EventManager.php(83): Magento\Mtf\System\Observer\ClientError->process(Object(Magento\Mtf\System\Event\Event))
#10 /var/www/html/src/dev/tests/functional/vendor/magento/mtf/Magento/Mtf/TestCase/Injectable.php(170): Magento\Mtf\System\Event\EventManager->dispatchEvent(Array, Array)
#11 /var/www/html/src/dev/tests/functional/vendor/phpunit/phpunit/src/Framework/TestSuite.php(675): Magento\Mtf\TestCase\Injectable->run(Object(PHPUnit_Framework_TestResult))
#12 /var/www/html/src/dev/tests/functional/vendor/phpunit/phpunit/src/Framework/TestSuite.php(675): PHPUnit_Framework_TestSuite->run(Object(PHPUnit_Framework_TestResult))
#13 /var/www/html/src/dev/tests/functional/vendor/phpunit/phpunit/src/TextUI/TestRunner.php(426): PHPUnit_Framework_TestSuite->run(Object(PHPUnit_Framework_TestResult))
#14 /var/www/html/src/dev/tests/functional/vendor/phpunit/phpunit/src/TextUI/Command.php(179): PHPUnit_TextUI_TestRunner->doRun(Object(PHPUnit_Framework_TestSuite), Array)
#15 /var/www/html/src/dev/tests/functional/vendor/phpunit/phpunit/src/TextUI/Command.php(132): PHPUnit_TextUI_Command->run(Array, true)
#16 /var/www/html/src/dev/tests/functional/vendor/phpunit/phpunit/phpunit(55): PHPUnit_TextUI_Command::main()
#17 {main}
Unable to get Js Errors. Exception: 
exception 'PHPUnit_Extensions_Selenium2TestCase_WebDriverException' with message 'move target out of bounds: Failed to read the 'localStorage' property from 'Window': Storage is disabled inside 'data:' URLs.
  (Session info: chrome=64.0.3282.167)
  (Driver info: chromedriver=2.35.528139 (47ead77cb35ad2a9a83248b292151462a66cd881),platform=Linux 4.4.0-112-generic x86_64)' in /var/www/html/src/dev/tests/functional/vendor/phpunit/phpunit-selenium/PHPUnit/Extensions/Selenium2TestCase/Driver.php:165
Stack trace:
#0 /var/www/html/src/dev/tests/functional/vendor/phpunit/phpunit-selenium/PHPUnit/Extensions/Selenium2TestCase/Driver.php(175): PHPUnit_Extensions_Selenium2TestCase_Driver->curl('POST', Object(PHPUnit_Extensions_Selenium2TestCase_URL), Array)
#1 /var/www/html/src/dev/tests/functional/vendor/phpunit/phpunit-selenium/PHPUnit/Extensions/Selenium2TestCase/CommandsHolder.php(100): PHPUnit_Extensions_Selenium2TestCase_Driver->execute(Object(PHPUnit_Extensions_Selenium2TestCase_ElementCommand_GenericPost))
#2 [internal function]: PHPUnit_Extensions_Selenium2TestCase_CommandsHolder->__call('execute', Array)
#3 [internal function]: PHPUnit_Extensions_Selenium2TestCase_Session->execute(Array)
#4 /var/www/html/src/dev/tests/functional/vendor/phpunit/phpunit-selenium/PHPUnit/Extensions/Selenium2TestCase.php(344): call_user_func_array(Array, Array)
#5 /var/www/html/src/dev/tests/functional/vendor/magento/mtf/Magento/Mtf/Client/Driver/Selenium/Driver.php(237): PHPUnit_Extensions_Selenium2TestCase->__call('execute', Array)
#6 /var/www/html/src/dev/tests/functional/vendor/magento/mtf/Magento/Mtf/Client/Driver/Selenium/Driver.php(237): Magento\Mtf\Client\Driver\Selenium\RemoteDriver->execute(Array)
#7 /var/www/html/src/dev/tests/functional/vendor/magento/mtf/Magento/Mtf/Client/Browser.php(264): Magento\Mtf\Client\Driver\Selenium\Driver->getJsErrors()
#8 /var/www/html/src/dev/tests/functional/vendor/magento/mtf/Magento/Mtf/System/Observer/ClientError.php(52): Magento\Mtf\Client\Browser->getJsErrors()
#9 /var/www/html/src/dev/tests/functional/vendor/magento/mtf/Magento/Mtf/System/Event/EventManager.php(83): Magento\Mtf\System\Observer\ClientError->process(Object(Magento\Mtf\System\Event\Event))
#10 /var/www/html/src/dev/tests/functional/vendor/magento/mtf/Magento/Mtf/TestCase/Functional.php(305): Magento\Mtf\System\Event\EventManager->dispatchEvent(Array, Array)
#11 /var/www/html/src/dev/tests/functional/vendor/phpunit/phpunit/src/Framework/TestResult.php(686): Magento\Mtf\TestCase\Functional->runBare()
#12 /var/www/html/src/dev/tests/functional/vendor/phpunit/phpunit/src/Framework/TestCase.php(753): PHPUnit_Framework_TestResult->run(Object(Mage\Adminhtml\Test\TestCase\CreateStoreEntityTest))
#13 /var/www/html/src/dev/tests/functional/vendor/magento/mtf/Magento/Mtf/TestCase/Functional.php(202): PHPUnit_Framework_TestCase->run(Object(PHPUnit_Framework_TestResult))
#14 /var/www/html/src/dev/tests/functional/vendor/magento/mtf/Magento/Mtf/TestCase/Injectable.php(202): Magento\Mtf\TestCase\Functional->run(Object(PHPUnit_Framework_TestResult))
#15 /var/www/html/src/dev/tests/functional/vendor/magento/mtf/Magento/Mtf/TestCase/Injectable.php(160): Magento\Mtf\TestCase\Injectable->executeTestVariation(Object(PHPUnit_Framework_TestResult), Array)
#16 /var/www/html/src/dev/tests/functional/vendor/phpunit/phpunit/src/Framework/TestSuite.php(675): Magento\Mtf\TestCase\Injectable->run(Object(PHPUnit_Framework_TestResult))
#17 /var/www/html/src/dev/tests/functional/vendor/phpunit/phpunit/src/Framework/TestSuite.php(675): PHPUnit_Framework_TestSuite->run(Object(PHPUnit_Framework_TestResult))
#18 /var/www/html/src/dev/tests/functional/vendor/phpunit/phpunit/src/TextUI/TestRunner.php(426): PHPUnit_Framework_TestSuite->run(Object(PHPUnit_Framework_TestResult))
#19 /var/www/html/src/dev/tests/functional/vendor/phpunit/phpunit/src/TextUI/Command.php(179): PHPUnit_TextUI_TestRunner->doRun(Object(PHPUnit_Framework_TestSuite), Array)
#20 /var/www/html/src/dev/tests/functional/vendor/phpunit/phpunit/src/TextUI/Command.php(132): PHPUnit_TextUI_Command->run(Array, true)
#21 /var/www/html/src/dev/tests/functional/vendor/phpunit/phpunit/phpunit(55): PHPUnit_TextUI_Command::main()
#22 {main}
Unable to get Js Errors. Exception: 
exception 'PHPUnit_Extensions_Selenium2TestCase_WebDriverException' with message 'move target out of bounds: Failed to read the 'localStorage' property from 'Window': Access is denied for this document.
  (Session info: chrome=64.0.3282.167)
  (Driver info: chromedriver=2.35.528139 (47ead77cb35ad2a9a83248b292151462a66cd881),platform=Linux 4.4.0-112-generic x86_64)' in /var/www/html/src/dev/tests/functional/vendor/phpunit/phpunit-selenium/PHPUnit/Extensions/Selenium2TestCase/Driver.php:165
Stack trace:
#0 /var/www/html/src/dev/tests/functional/vendor/phpunit/phpunit-selenium/PHPUnit/Extensions/Selenium2TestCase/Driver.php(175): PHPUnit_Extensions_Selenium2TestCase_Driver->curl('POST', Object(PHPUnit_Extensions_Selenium2TestCase_URL), Array)
#1 /var/www/html/src/dev/tests/functional/vendor/phpunit/phpunit-selenium/PHPUnit/Extensions/Selenium2TestCase/CommandsHolder.php(100): PHPUnit_Extensions_Selenium2TestCase_Driver->execute(Object(PHPUnit_Extensions_Selenium2TestCase_ElementCommand_GenericPost))
#2 [internal function]: PHPUnit_Extensions_Selenium2TestCase_CommandsHolder->__call('execute', Array)
#3 [internal function]: PHPUnit_Extensions_Selenium2TestCase_Session->execute(Array)
#4 /var/www/html/src/dev/tests/functional/vendor/phpunit/phpunit-selenium/PHPUnit/Extensions/Selenium2TestCase.php(344): call_user_func_array(Array, Array)
#5 /var/www/html/src/dev/tests/functional/vendor/magento/mtf/Magento/Mtf/Client/Driver/Selenium/Driver.php(237): PHPUnit_Extensions_Selenium2TestCase->__call('execute', Array)
#6 /var/www/html/src/dev/tests/functional/vendor/magento/mtf/Magento/Mtf/Client/Driver/Selenium/Driver.php(237): Magento\Mtf\Client\Driver\Selenium\RemoteDriver->execute(Array)
#7 /var/www/html/src/dev/tests/functional/vendor/magento/mtf/Magento/Mtf/Client/Browser.php(264): Magento\Mtf\Client\Driver\Selenium\Driver->getJsErrors()
#8 /var/www/html/src/dev/tests/functional/vendor/magento/mtf/Magento/Mtf/System/Observer/ClientError.php(52): Magento\Mtf\Client\Browser->getJsErrors()
#9 /var/www/html/src/dev/tests/functional/vendor/magento/mtf/Magento/Mtf/System/Event/EventManager.php(83): Magento\Mtf\System\Observer\ClientError->process(Object(Magento\Mtf\System\Event\Event))
#10 /var/www/html/src/dev/tests/functional/vendor/magento/mtf/Magento/Mtf/System/Event/State.php(109): Magento\Mtf\System\Event\EventManager->dispatchEvent(Array, Array)
#11 /var/www/html/src/dev/tests/functional/vendor/magento/mtf/Magento/Mtf/System/Observer/PageUrl.php(44): Magento\Mtf\System\Event\State->setPageUrl('http://localhos...')
#12 /var/www/html/src/dev/tests/functional/vendor/magento/mtf/Magento/Mtf/System/Event/EventManager.php(83): Magento\Mtf\System\Observer\PageUrl->process(Object(Magento\Mtf\System\Event\Event))
#13 /var/www/html/src/dev/tests/functional/vendor/magento/mtf/Magento/Mtf/Client/Driver/Selenium/Driver.php(595): Magento\Mtf\System\Event\EventManager->dispatchEvent(Array, Array)
#14 /var/www/html/src/dev/tests/functional/vendor/magento/mtf/Magento/Mtf/Client/Browser.php(74): Magento\Mtf\Client\Driver\Selenium\Driver->open('http://localhos...')
#15 /var/www/html/src/dev/tests/functional/vendor/magento/mtf/Magento/Mtf/Page/Page.php(154): Magento\Mtf\Client\Browser->open('http://localhos...')
#16 /var/www/html/src/dev/tests/functional/tests/app/Mage/Adminhtml/Test/TestCase/CreateStoreEntityTest.php(153): Magento\Mtf\Page\Page->open()
#17 [internal function]: Mage\Adminhtml\Test\TestCase\CreateStoreEntityTest->test(Object(Mage\Adminhtml\Test\Fixture\Store), Object(Mage\Core\Test\Fixture\ConfigData))
#18 /var/www/html/src/dev/tests/functional/vendor/phpunit/phpunit/src/Framework/TestCase.php(951): ReflectionMethod->invokeArgs(Object(Mage\Adminhtml\Test\TestCase\CreateStoreEntityTest), Array)
#19 /var/www/html/src/dev/tests/functional/vendor/magento/mtf/Magento/Mtf/TestCase/Injectable.php(218): PHPUnit_Framework_TestCase->runTest()
#20 /var/www/html/src/dev/tests/functional/vendor/magento/mtf/Magento/Mtf/TestCase/Functional.php(288): Magento\Mtf\TestCase\Injectable->runTest()
#21 /var/www/html/src/dev/tests/functional/vendor/phpunit/phpunit/src/Framework/TestResult.php(686): Magento\Mtf\TestCase\Functional->runBare()
#22 /var/www/html/src/dev/tests/functional/vendor/phpunit/phpunit/src/Framework/TestCase.php(753): PHPUnit_Framework_TestResult->run(Object(Mage\Adminhtml\Test\TestCase\CreateStoreEntityTest))
#23 /var/www/html/src/dev/tests/functional/vendor/magento/mtf/Magento/Mtf/TestCase/Functional.php(202): PHPUnit_Framework_TestCase->run(Object(PHPUnit_Framework_TestResult))
#24 /var/www/html/src/dev/tests/functional/vendor/magento/mtf/Magento/Mtf/TestCase/Injectable.php(202): Magento\Mtf\TestCase\Functional->run(Object(PHPUnit_Framework_TestResult))
#25 /var/www/html/src/dev/tests/functional/vendor/magento/mtf/Magento/Mtf/TestCase/Injectable.php(160): Magento\Mtf\TestCase\Injectable->executeTestVariation(Object(PHPUnit_Framework_TestResult), Array)
#26 /var/www/html/src/dev/tests/functional/vendor/phpunit/phpunit/src/Framework/TestSuite.php(675): Magento\Mtf\TestCase\Injectable->run(Object(PHPUnit_Framework_TestResult))
#27 /var/www/html/src/dev/tests/functional/vendor/phpunit/phpunit/src/Framework/TestSuite.php(675): PHPUnit_Framework_TestSuite->run(Object(PHPUnit_Framework_TestResult))
#28 /var/www/html/src/dev/tests/functional/vendor/phpunit/phpunit/src/TextUI/TestRunner.php(426): PHPUnit_Framework_TestSuite->run(Object(PHPUnit_Framework_TestResult))
#29 /var/www/html/src/dev/tests/functional/vendor/phpunit/phpunit/src/TextUI/Command.php(179): PHPUnit_TextUI_TestRunner->doRun(Object(PHPUnit_Framework_TestSuite), Array)
#30 /var/www/html/src/dev/tests/functional/vendor/phpunit/phpunit/src/TextUI/Command.php(132): PHPUnit_TextUI_Command->run(Array, true)
#31 /var/www/html/src/dev/tests/functional/vendor/phpunit/phpunit/phpunit(55): PHPUnit_TextUI_Command::main()
#32 {main}
Unable to get Js Errors. Exception: 
exception 'PHPUnit_Extensions_Selenium2TestCase_WebDriverException' with message 'move target out of bounds: Failed to read the 'localStorage' property from 'Window': Access is denied for this document.
  (Session info: chrome=64.0.3282.167)
  (Driver info: chromedriver=2.35.528139 (47ead77cb35ad2a9a83248b292151462a66cd881),platform=Linux 4.4.0-112-generic x86_64)' in /var/www/html/src/dev/tests/functional/vendor/phpunit/phpunit-selenium/PHPUnit/Extensions/Selenium2TestCase/Driver.php:165
Stack trace:
#0 /var/www/html/src/dev/tests/functional/vendor/phpunit/phpunit-selenium/PHPUnit/Extensions/Selenium2TestCase/Driver.php(175): PHPUnit_Extensions_Selenium2TestCase_Driver->curl('POST', Object(PHPUnit_Extensions_Selenium2TestCase_URL), Array)
#1 /var/www/html/src/dev/tests/functional/vendor/phpunit/phpunit-selenium/PHPUnit/Extensions/Selenium2TestCase/CommandsHolder.php(100): PHPUnit_Extensions_Selenium2TestCase_Driver->execute(Object(PHPUnit_Extensions_Selenium2TestCase_ElementCommand_GenericPost))
#2 [internal function]: PHPUnit_Extensions_Selenium2TestCase_CommandsHolder->__call('execute', Array)
#3 [internal function]: PHPUnit_Extensions_Selenium2TestCase_Session->execute(Array)
#4 /var/www/html/src/dev/tests/functional/vendor/phpunit/phpunit-selenium/PHPUnit/Extensions/Selenium2TestCase.php(344): call_user_func_array(Array, Array)
#5 /var/www/html/src/dev/tests/functional/vendor/magento/mtf/Magento/Mtf/Client/Driver/Selenium/Driver.php(237): PHPUnit_Extensions_Selenium2TestCase->__call('execute', Array)
#6 /var/www/html/src/dev/tests/functional/vendor/magento/mtf/Magento/Mtf/Client/Driver/Selenium/Driver.php(237): Magento\Mtf\Client\Driver\Selenium\RemoteDriver->execute(Array)
#7 /var/www/html/src/dev/tests/functional/vendor/magento/mtf/Magento/Mtf/Client/Browser.php(264): Magento\Mtf\Client\Driver\Selenium\Driver->getJsErrors()
#8 /var/www/html/src/dev/tests/functional/vendor/magento/mtf/Magento/Mtf/System/Observer/ClientError.php(52): Magento\Mtf\Client\Browser->getJsErrors()
#9 /var/www/html/src/dev/tests/functional/vendor/magento/mtf/Magento/Mtf/System/Event/EventManager.php(83): Magento\Mtf\System\Observer\ClientError->process(Object(Magento\Mtf\System\Event\Event))
#10 /var/www/html/src/dev/tests/functional/vendor/magento/mtf/Magento/Mtf/System/Event/State.php(109): Magento\Mtf\System\Event\EventManager->dispatchEvent(Array, Array)
#11 /var/www/html/src/dev/tests/functional/vendor/magento/mtf/Magento/Mtf/System/Observer/PageUrl.php(44): Magento\Mtf\System\Event\State->setPageUrl('http://localhos...')
#12 /var/www/html/src/dev/tests/functional/vendor/magento/mtf/Magento/Mtf/System/Event/EventManager.php(83): Magento\Mtf\System\Observer\PageUrl->process(Object(Magento\Mtf\System\Event\Event))
#13 /var/www/html/src/dev/tests/functional/vendor/magento/mtf/Magento/Mtf/Client/Driver/Selenium/Driver.php(595): Magento\Mtf\System\Event\EventManager->dispatchEvent(Array, Array)
#14 /var/www/html/src/dev/tests/functional/vendor/magento/mtf/Magento/Mtf/Client/Browser.php(74): Magento\Mtf\Client\Driver\Selenium\Driver->open('http://localhos...')
#15 /var/www/html/src/dev/tests/functional/vendor/magento/mtf/Magento/Mtf/Page/Page.php(154): Magento\Mtf\Client\Browser->open('http://localhos...')
#16 /var/www/html/src/dev/tests/functional/lib/Magento/Mtf/Page/BackendPage.php(100): Magento\Mtf\Page\Page->open()
#17 /var/www/html/src/dev/tests/functional/lib/Magento/Mtf/Page/BackendPage.php(87): Magento\Mtf\Page\BackendPage->loginSuperAdmin(Array)
#18 /var/www/html/src/dev/tests/functional/tests/app/Mage/Adminhtml/Test/TestCase/CreateStoreEntityTest.php(156): Magento\Mtf\Page\BackendPage->open()
#19 [internal function]: Mage\Adminhtml\Test\TestCase\CreateStoreEntityTest->test(Object(Mage\Adminhtml\Test\Fixture\Store), Object(Mage\Core\Test\Fixture\ConfigData))
#20 /var/www/html/src/dev/tests/functional/vendor/phpunit/phpunit/src/Framework/TestCase.php(951): ReflectionMethod->invokeArgs(Object(Mage\Adminhtml\Test\TestCase\CreateStoreEntityTest), Array)
#21 /var/www/html/src/dev/tests/functional/vendor/magento/mtf/Magento/Mtf/TestCase/Injectable.php(218): PHPUnit_Framework_TestCase->runTest()
#22 /var/www/html/src/dev/tests/functional/vendor/magento/mtf/Magento/Mtf/TestCase/Functional.php(288): Magento\Mtf\TestCase\Injectable->runTest()
#23 /var/www/html/src/dev/tests/functional/vendor/phpunit/phpunit/src/Framework/TestResult.php(686): Magento\Mtf\TestCase\Functional->runBare()
#24 /var/www/html/src/dev/tests/functional/vendor/phpunit/phpunit/src/Framework/TestCase.php(753): PHPUnit_Framework_TestResult->run(Object(Mage\Adminhtml\Test\TestCase\CreateStoreEntityTest))
#25 /var/www/html/src/dev/tests/functional/vendor/magento/mtf/Magento/Mtf/TestCase/Functional.php(202): PHPUnit_Framework_TestCase->run(Object(PHPUnit_Framework_TestResult))
#26 /var/www/html/src/dev/tests/functional/vendor/magento/mtf/Magento/Mtf/TestCase/Injectable.php(202): Magento\Mtf\TestCase\Functional->run(Object(PHPUnit_Framework_TestResult))
#27 /var/www/html/src/dev/tests/functional/vendor/magento/mtf/Magento/Mtf/TestCase/Injectable.php(160): Magento\Mtf\TestCase\Injectable->executeTestVariation(Object(PHPUnit_Framework_TestResult), Array)
#28 /var/www/html/src/dev/tests/functional/vendor/phpunit/phpunit/src/Framework/TestSuite.php(675): Magento\Mtf\TestCase\Injectable->run(Object(PHPUnit_Framework_TestResult))
#29 /var/www/html/src/dev/tests/functional/vendor/phpunit/phpunit/src/Framework/TestSuite.php(675): PHPUnit_Framework_TestSuite->run(Object(PHPUnit_Framework_TestResult))
#30 /var/www/html/src/dev/tests/functional/vendor/phpunit/phpunit/src/TextUI/TestRunner.php(426): PHPUnit_Framework_TestSuite->run(Object(PHPUnit_Framework_TestResult))
#31 /var/www/html/src/dev/tests/functional/vendor/phpunit/phpunit/src/TextUI/Command.php(179): PHPUnit_TextUI_TestRunner->doRun(Object(PHPUnit_Framework_TestSuite), Array)
#32 /var/www/html/src/dev/tests/functional/vendor/phpunit/phpunit/src/TextUI/Command.php(132): PHPUnit_TextUI_Command->run(Array, true)
#33 /var/www/html/src/dev/tests/functional/vendor/phpunit/phpunit/phpunit(55): PHPUnit_TextUI_Command::main()
#34 {main}
Unable to get Js Errors. Exception: 
exception 'PHPUnit_Extensions_Selenium2TestCase_WebDriverException' with message 'move target out of bounds: Failed to read the 'localStorage' property from 'Window': Access is denied for this document.
  (Session info: chrome=64.0.3282.167)
  (Driver info: chromedriver=2.35.528139 (47ead77cb35ad2a9a83248b292151462a66cd881),platform=Linux 4.4.0-112-generic x86_64)' in /var/www/html/src/dev/tests/functional/vendor/phpunit/phpunit-selenium/PHPUnit/Extensions/Selenium2TestCase/Driver.php:165
Stack trace:
#0 /var/www/html/src/dev/tests/functional/vendor/phpunit/phpunit-selenium/PHPUnit/Extensions/Selenium2TestCase/Driver.php(175): PHPUnit_Extensions_Selenium2TestCase_Driver->curl('POST', Object(PHPUnit_Extensions_Selenium2TestCase_URL), Array)
#1 /var/www/html/src/dev/tests/functional/vendor/phpunit/phpunit-selenium/PHPUnit/Extensions/Selenium2TestCase/CommandsHolder.php(100): PHPUnit_Extensions_Selenium2TestCase_Driver->execute(Object(PHPUnit_Extensions_Selenium2TestCase_ElementCommand_GenericPost))
#2 [internal function]: PHPUnit_Extensions_Selenium2TestCase_CommandsHolder->__call('execute', Array)
#3 [internal function]: PHPUnit_Extensions_Selenium2TestCase_Session->execute(Array)
#4 /var/www/html/src/dev/tests/functional/vendor/phpunit/phpunit-selenium/PHPUnit/Extensions/Selenium2TestCase.php(344): call_user_func_array(Array, Array)
#5 /var/www/html/src/dev/tests/functional/vendor/magento/mtf/Magento/Mtf/Client/Driver/Selenium/Driver.php(237): PHPUnit_Extensions_Selenium2TestCase->__call('execute', Array)
#6 /var/www/html/src/dev/tests/functional/vendor/magento/mtf/Magento/Mtf/Client/Driver/Selenium/Driver.php(237): Magento\Mtf\Client\Driver\Selenium\RemoteDriver->execute(Array)
#7 /var/www/html/src/dev/tests/functional/vendor/magento/mtf/Magento/Mtf/Client/Browser.php(264): Magento\Mtf\Client\Driver\Selenium\Driver->getJsErrors()
#8 /var/www/html/src/dev/tests/functional/vendor/magento/mtf/Magento/Mtf/System/Observer/ClientError.php(52): Magento\Mtf\Client\Browser->getJsErrors()
#9 /var/www/html/src/dev/tests/functional/vendor/magento/mtf/Magento/Mtf/System/Event/EventManager.php(83): Magento\Mtf\System\Observer\ClientError->process(Object(Magento\Mtf\System\Event\Event))
#10 /var/www/html/src/dev/tests/functional/vendor/magento/mtf/Magento/Mtf/System/Event/State.php(109): Magento\Mtf\System\Event\EventManager->dispatchEvent(Array, Array)
#11 /var/www/html/src/dev/tests/functional/vendor/magento/mtf/Magento/Mtf/System/Observer/PageUrl.php(44): Magento\Mtf\System\Event\State->setPageUrl('http://localhos...')
#12 /var/www/html/src/dev/tests/functional/vendor/magento/mtf/Magento/Mtf/System/Event/EventManager.php(83): Magento\Mtf\System\Observer\PageUrl->process(Object(Magento\Mtf\System\Event\Event))
#13 /var/www/html/src/dev/tests/functional/vendor/magento/mtf/Magento/Mtf/Client/Driver/Selenium/Driver.php(595): Magento\Mtf\System\Event\EventManager->dispatchEvent(Array, Array)
#14 /var/www/html/src/dev/tests/functional/vendor/magento/mtf/Magento/Mtf/Client/Browser.php(74): Magento\Mtf\Client\Driver\Selenium\Driver->open('http://localhos...')
#15 /var/www/html/src/dev/tests/functional/vendor/magento/mtf/Magento/Mtf/Page/Page.php(154): Magento\Mtf\Client\Browser->open('http://localhos...')
#16 /var/www/html/src/dev/tests/functional/lib/Magento/Mtf/Page/BackendPage.php(89): Magento\Mtf\Page\Page->open(Array)
#17 /var/www/html/src/dev/tests/functional/tests/app/Mage/Adminhtml/Test/TestCase/CreateStoreEntityTest.php(156): Magento\Mtf\Page\BackendPage->open()
#18 [internal function]: Mage\Adminhtml\Test\TestCase\CreateStoreEntityTest->test(Object(Mage\Adminhtml\Test\Fixture\Store), Object(Mage\Core\Test\Fixture\ConfigData))
#19 /var/www/html/src/dev/tests/functional/vendor/phpunit/phpunit/src/Framework/TestCase.php(951): ReflectionMethod->invokeArgs(Object(Mage\Adminhtml\Test\TestCase\CreateStoreEntityTest), Array)
#20 /var/www/html/src/dev/tests/functional/vendor/magento/mtf/Magento/Mtf/TestCase/Injectable.php(218): PHPUnit_Framework_TestCase->runTest()
#21 /var/www/html/src/dev/tests/functional/vendor/magento/mtf/Magento/Mtf/TestCase/Functional.php(288): Magento\Mtf\TestCase\Injectable->runTest()
#22 /var/www/html/src/dev/tests/functional/vendor/phpunit/phpunit/src/Framework/TestResult.php(686): Magento\Mtf\TestCase\Functional->runBare()
#23 /var/www/html/src/dev/tests/functional/vendor/phpunit/phpunit/src/Framework/TestCase.php(753): PHPUnit_Framework_TestResult->run(Object(Mage\Adminhtml\Test\TestCase\CreateStoreEntityTest))
#24 /var/www/html/src/dev/tests/functional/vendor/magento/mtf/Magento/Mtf/TestCase/Functional.php(202): PHPUnit_Framework_TestCase->run(Object(PHPUnit_Framework_TestResult))
#25 /var/www/html/src/dev/tests/functional/vendor/magento/mtf/Magento/Mtf/TestCase/Injectable.php(202): Magento\Mtf\TestCase\Functional->run(Object(PHPUnit_Framework_TestResult))
#26 /var/www/html/src/dev/tests/functional/vendor/magento/mtf/Magento/Mtf/TestCase/Injectable.php(160): Magento\Mtf\TestCase\Injectable->executeTestVariation(Object(PHPUnit_Framework_TestResult), Array)
#27 /var/www/html/src/dev/tests/functional/vendor/phpunit/phpunit/src/Framework/TestSuite.php(675): Magento\Mtf\TestCase\Injectable->run(Object(PHPUnit_Framework_TestResult))
#28 /var/www/html/src/dev/tests/functional/vendor/phpunit/phpunit/src/Framework/TestSuite.php(675): PHPUnit_Framework_TestSuite->run(Object(PHPUnit_Framework_TestResult))
#29 /var/www/html/src/dev/tests/functional/vendor/phpunit/phpunit/src/TextUI/TestRunner.php(426): PHPUnit_Framework_TestSuite->run(Object(PHPUnit_Framework_TestResult))
#30 /var/www/html/src/dev/tests/functional/vendor/phpunit/phpunit/src/TextUI/Command.php(179): PHPUnit_TextUI_TestRunner->doRun(Object(PHPUnit_Framework_TestSuite), Array)
#31 /var/www/html/src/dev/tests/functional/vendor/phpunit/phpunit/src/TextUI/Command.php(132): PHPUnit_TextUI_Command->run(Array, true)
#32 /var/www/html/src/dev/tests/functional/vendor/phpunit/phpunit/phpunit(55): PHPUnit_TextUI_Command::main()
#33 {main}
Unable to get Js Errors. Exception: 
exception 'PHPUnit_Extensions_Selenium2TestCase_WebDriverException' with message 'move target out of bounds: Failed to read the 'localStorage' property from 'Window': Access is denied for this document.
  (Session info: chrome=64.0.3282.167)
  (Driver info: chromedriver=2.35.528139 (47ead77cb35ad2a9a83248b292151462a66cd881),platform=Linux 4.4.0-112-generic x86_64)' in /var/www/html/src/dev/tests/functional/vendor/phpunit/phpunit-selenium/PHPUnit/Extensions/Selenium2TestCase/Driver.php:165
Stack trace:
#0 /var/www/html/src/dev/tests/functional/vendor/phpunit/phpunit-selenium/PHPUnit/Extensions/Selenium2TestCase/Driver.php(175): PHPUnit_Extensions_Selenium2TestCase_Driver->curl('POST', Object(PHPUnit_Extensions_Selenium2TestCase_URL), Array)
#1 /var/www/html/src/dev/tests/functional/vendor/phpunit/phpunit-selenium/PHPUnit/Extensions/Selenium2TestCase/CommandsHolder.php(100): PHPUnit_Extensions_Selenium2TestCase_Driver->execute(Object(PHPUnit_Extensions_Selenium2TestCase_ElementCommand_GenericPost))
#2 [internal function]: PHPUnit_Extensions_Selenium2TestCase_CommandsHolder->__call('execute', Array)
#3 [internal function]: PHPUnit_Extensions_Selenium2TestCase_Session->execute(Array)
#4 /var/www/html/src/dev/tests/functional/vendor/phpunit/phpunit-selenium/PHPUnit/Extensions/Selenium2TestCase.php(344): call_user_func_array(Array, Array)
#5 /var/www/html/src/dev/tests/functional/vendor/magento/mtf/Magento/Mtf/Client/Driver/Selenium/Driver.php(237): PHPUnit_Extensions_Selenium2TestCase->__call('execute', Array)
#6 /var/www/html/src/dev/tests/functional/vendor/magento/mtf/Magento/Mtf/Client/Driver/Selenium/Driver.php(237): Magento\Mtf\Client\Driver\Selenium\RemoteDriver->execute(Array)
#7 /var/www/html/src/dev/tests/functional/vendor/magento/mtf/Magento/Mtf/Client/Browser.php(264): Magento\Mtf\Client\Driver\Selenium\Driver->getJsErrors()
#8 /var/www/html/src/dev/tests/functional/vendor/magento/mtf/Magento/Mtf/System/Observer/ClientError.php(52): Magento\Mtf\Client\Browser->getJsErrors()
#9 /var/www/html/src/dev/tests/functional/vendor/magento/mtf/Magento/Mtf/System/Event/EventManager.php(83): Magento\Mtf\System\Observer\ClientError->process(Object(Magento\Mtf\System\Event\Event))
#10 /var/www/html/src/dev/tests/functional/vendor/magento/mtf/Magento/Mtf/TestCase/Functional.php(305): Magento\Mtf\System\Event\EventManager->dispatchEvent(Array, Array)
#11 /var/www/html/src/dev/tests/functional/vendor/phpunit/phpunit/src/Framework/TestResult.php(686): Magento\Mtf\TestCase\Functional->runBare()
#12 /var/www/html/src/dev/tests/functional/vendor/phpunit/phpunit/src/Framework/TestCase.php(753): PHPUnit_Framework_TestResult->run(Object(Mage\Adminhtml\Test\TestCase\CreateStoreEntityTest))
#13 /var/www/html/src/dev/tests/functional/vendor/magento/mtf/Magento/Mtf/TestCase/Functional.php(202): PHPUnit_Framework_TestCase->run(Object(PHPUnit_Framework_TestResult))
#14 /var/www/html/src/dev/tests/functional/vendor/magento/mtf/Magento/Mtf/TestCase/Injectable.php(202): Magento\Mtf\TestCase\Functional->run(Object(PHPUnit_Framework_TestResult))
#15 /var/www/html/src/dev/tests/functional/vendor/magento/mtf/Magento/Mtf/TestCase/Injectable.php(160): Magento\Mtf\TestCase\Injectable->executeTestVariation(Object(PHPUnit_Framework_TestResult), Array)
#16 /var/www/html/src/dev/tests/functional/vendor/phpunit/phpunit/src/Framework/TestSuite.php(675): Magento\Mtf\TestCase\Injectable->run(Object(PHPUnit_Framework_TestResult))
#17 /var/www/html/src/dev/tests/functional/vendor/phpunit/phpunit/src/Framework/TestSuite.php(675): PHPUnit_Framework_TestSuite->run(Object(PHPUnit_Framework_TestResult))
#18 /var/www/html/src/dev/tests/functional/vendor/phpunit/phpunit/src/TextUI/TestRunner.php(426): PHPUnit_Framework_TestSuite->run(Object(PHPUnit_Framework_TestResult))
#19 /var/www/html/src/dev/tests/functional/vendor/phpunit/phpunit/src/TextUI/Command.php(179): PHPUnit_TextUI_TestRunner->doRun(Object(PHPUnit_Framework_TestSuite), Array)
#20 /var/www/html/src/dev/tests/functional/vendor/phpunit/phpunit/src/TextUI/Command.php(132): PHPUnit_TextUI_Command->run(Array, true)
#21 /var/www/html/src/dev/tests/functional/vendor/phpunit/phpunit/phpunit(55): PHPUnit_TextUI_Command::main()
#22 {main}
Unable to get Js Errors. Exception: 
exception 'PHPUnit_Extensions_Selenium2TestCase_WebDriverException' with message 'move target out of bounds: Failed to read the 'localStorage' property from 'Window': Access is denied for this document.
  (Session info: chrome=64.0.3282.167)
  (Driver info: chromedriver=2.35.528139 (47ead77cb35ad2a9a83248b292151462a66cd881),platform=Linux 4.4.0-112-generic x86_64)' in /var/www/html/src/dev/tests/functional/vendor/phpunit/phpunit-selenium/PHPUnit/Extensions/Selenium2TestCase/Driver.php:165
Stack trace:
#0 /var/www/html/src/dev/tests/functional/vendor/phpunit/phpunit-selenium/PHPUnit/Extensions/Selenium2TestCase/Driver.php(175): PHPUnit_Extensions_Selenium2TestCase_Driver->curl('POST', Object(PHPUnit_Extensions_Selenium2TestCase_URL), Array)
#1 /var/www/html/src/dev/tests/functional/vendor/phpunit/phpunit-selenium/PHPUnit/Extensions/Selenium2TestCase/CommandsHolder.php(100): PHPUnit_Extensions_Selenium2TestCase_Driver->execute(Object(PHPUnit_Extensions_Selenium2TestCase_ElementCommand_GenericPost))
#2 [internal function]: PHPUnit_Extensions_Selenium2TestCase_CommandsHolder->__call('execute', Array)
#3 [internal function]: PHPUnit_Extensions_Selenium2TestCase_Session->execute(Array)
#4 /var/www/html/src/dev/tests/functional/vendor/phpunit/phpunit-selenium/PHPUnit/Extensions/Selenium2TestCase.php(344): call_user_func_array(Array, Array)
#5 /var/www/html/src/dev/tests/functional/vendor/magento/mtf/Magento/Mtf/Client/Driver/Selenium/Driver.php(237): PHPUnit_Extensions_Selenium2TestCase->__call('execute', Array)
#6 /var/www/html/src/dev/tests/functional/vendor/magento/mtf/Magento/Mtf/Client/Driver/Selenium/Driver.php(237): Magento\Mtf\Client\Driver\Selenium\RemoteDriver->execute(Array)
#7 /var/www/html/src/dev/tests/functional/vendor/magento/mtf/Magento/Mtf/Client/Browser.php(264): Magento\Mtf\Client\Driver\Selenium\Driver->getJsErrors()
#8 /var/www/html/src/dev/tests/functional/vendor/magento/mtf/Magento/Mtf/System/Observer/ClientError.php(52): Magento\Mtf\Client\Browser->getJsErrors()
#9 /var/www/html/src/dev/tests/functional/vendor/magento/mtf/Magento/Mtf/System/Event/EventManager.php(83): Magento\Mtf\System\Observer\ClientError->process(Object(Magento\Mtf\System\Event\Event))
#10 /var/www/html/src/dev/tests/functional/vendor/magento/mtf/Magento/Mtf/TestCase/Injectable.php(170): Magento\Mtf\System\Event\EventManager->dispatchEvent(Array, Array)
#11 /var/www/html/src/dev/tests/functional/vendor/phpunit/phpunit/src/Framework/TestSuite.php(675): Magento\Mtf\TestCase\Injectable->run(Object(PHPUnit_Framework_TestResult))
#12 /var/www/html/src/dev/tests/functional/vendor/phpunit/phpunit/src/Framework/TestSuite.php(675): PHPUnit_Framework_TestSuite->run(Object(PHPUnit_Framework_TestResult))
#13 /var/www/html/src/dev/tests/functional/vendor/phpunit/phpunit/src/TextUI/TestRunner.php(426): PHPUnit_Framework_TestSuite->run(Object(PHPUnit_Framework_TestResult))
#14 /var/www/html/src/dev/tests/functional/vendor/phpunit/phpunit/src/TextUI/Command.php(179): PHPUnit_TextUI_TestRunner->doRun(Object(PHPUnit_Framework_TestSuite), Array)
#15 /var/www/html/src/dev/tests/functional/vendor/phpunit/phpunit/src/TextUI/Command.php(132): PHPUnit_TextUI_Command->run(Array, true)
#16 /var/www/html/src/dev/tests/functional/vendor/phpunit/phpunit/phpunit(55): PHPUnit_TextUI_Command::main()
#17 {main}
Unable to get Js Errors. Exception: 
exception 'PHPUnit_Extensions_Selenium2TestCase_WebDriverException' with message 'move target out of bounds: Failed to read the 'localStorage' property from 'Window': Access is denied for this document.
  (Session info: chrome=64.0.3282.167)
  (Driver info: chromedriver=2.35.528139 (47ead77cb35ad2a9a83248b292151462a66cd881),platform=Linux 4.4.0-112-generic x86_64)' in /var/www/html/src/dev/tests/functional/vendor/phpunit/phpunit-selenium/PHPUnit/Extensions/Selenium2TestCase/Driver.php:165
Stack trace:
#0 /var/www/html/src/dev/tests/functional/vendor/phpunit/phpunit-selenium/PHPUnit/Extensions/Selenium2TestCase/Driver.php(175): PHPUnit_Extensions_Selenium2TestCase_Driver->curl('POST', Object(PHPUnit_Extensions_Selenium2TestCase_URL), Array)
#1 /var/www/html/src/dev/tests/functional/vendor/phpunit/phpunit-selenium/PHPUnit/Extensions/Selenium2TestCase/CommandsHolder.php(100): PHPUnit_Extensions_Selenium2TestCase_Driver->execute(Object(PHPUnit_Extensions_Selenium2TestCase_ElementCommand_GenericPost))
#2 [internal function]: PHPUnit_Extensions_Selenium2TestCase_CommandsHolder->__call('execute', Array)
#3 [internal function]: PHPUnit_Extensions_Selenium2TestCase_Session->execute(Array)
#4 /var/www/html/src/dev/tests/functional/vendor/phpunit/phpunit-selenium/PHPUnit/Extensions/Selenium2TestCase.php(344): call_user_func_array(Array, Array)
#5 /var/www/html/src/dev/tests/functional/vendor/magento/mtf/Magento/Mtf/Client/Driver/Selenium/Driver.php(237): PHPUnit_Extensions_Selenium2TestCase->__call('execute', Array)
#6 /var/www/html/src/dev/tests/functional/vendor/magento/mtf/Magento/Mtf/Client/Driver/Selenium/Driver.php(237): Magento\Mtf\Client\Driver\Selenium\RemoteDriver->execute(Array)
#7 /var/www/html/src/dev/tests/functional/vendor/magento/mtf/Magento/Mtf/Client/Browser.php(264): Magento\Mtf\Client\Driver\Selenium\Driver->getJsErrors()
#8 /var/www/html/src/dev/tests/functional/vendor/magento/mtf/Magento/Mtf/System/Observer/ClientError.php(52): Magento\Mtf\Client\Browser->getJsErrors()
#9 /var/www/html/src/dev/tests/functional/vendor/magento/mtf/Magento/Mtf/System/Event/EventManager.php(83): Magento\Mtf\System\Observer\ClientError->process(Object(Magento\Mtf\System\Event\Event))
#10 /var/www/html/src/dev/tests/functional/vendor/magento/mtf/Magento/Mtf/System/Event/State.php(109): Magento\Mtf\System\Event\EventManager->dispatchEvent(Array, Array)
#11 /var/www/html/src/dev/tests/functional/vendor/magento/mtf/Magento/Mtf/System/Observer/PageUrl.php(44): Magento\Mtf\System\Event\State->setPageUrl('http://localhos...')
#12 /var/www/html/src/dev/tests/functional/vendor/magento/mtf/Magento/Mtf/System/Event/EventManager.php(83): Magento\Mtf\System\Observer\PageUrl->process(Object(Magento\Mtf\System\Event\Event))
#13 /var/www/html/src/dev/tests/functional/vendor/magento/mtf/Magento/Mtf/Client/Driver/Selenium/Driver.php(595): Magento\Mtf\System\Event\EventManager->dispatchEvent(Array, Array)
#14 /var/www/html/src/dev/tests/functional/vendor/magento/mtf/Magento/Mtf/Client/Browser.php(74): Magento\Mtf\Client\Driver\Selenium\Driver->open('http://localhos...')
#15 /var/www/html/src/dev/tests/functional/vendor/magento/mtf/Magento/Mtf/Page/Page.php(154): Magento\Mtf\Client\Browser->open('http://localhos...')
#16 /var/www/html/src/dev/tests/functional/lib/Magento/Mtf/Page/BackendPage.php(100): Magento\Mtf\Page\Page->open()
#17 /var/www/html/src/dev/tests/functional/lib/Magento/Mtf/Page/BackendPage.php(87): Magento\Mtf\Page\BackendPage->loginSuperAdmin(Array)
#18 /var/www/html/src/dev/tests/functional/tests/app/Mage/Adminhtml/Test/TestCase/CreateStoreGroupEntityTest.php(139): Magento\Mtf\Page\BackendPage->open()
#19 [internal function]: Mage\Adminhtml\Test\TestCase\CreateStoreGroupEntityTest->test(Object(Mage\Adminhtml\Test\Fixture\StoreGroup))
#20 /var/www/html/src/dev/tests/functional/vendor/phpunit/phpunit/src/Framework/TestCase.php(951): ReflectionMethod->invokeArgs(Object(Mage\Adminhtml\Test\TestCase\CreateStoreGroupEntityTest), Array)
#21 /var/www/html/src/dev/tests/functional/vendor/magento/mtf/Magento/Mtf/TestCase/Injectable.php(218): PHPUnit_Framework_TestCase->runTest()
#22 /var/www/html/src/dev/tests/functional/vendor/magento/mtf/Magento/Mtf/TestCase/Functional.php(288): Magento\Mtf\TestCase\Injectable->runTest()
#23 /var/www/html/src/dev/tests/functional/vendor/phpunit/phpunit/src/Framework/TestResult.php(686): Magento\Mtf\TestCase\Functional->runBare()
#24 /var/www/html/src/dev/tests/functional/vendor/phpunit/phpunit/src/Framework/TestCase.php(753): PHPUnit_Framework_TestResult->run(Object(Mage\Adminhtml\Test\TestCase\CreateStoreGroupEntityTest))
#25 /var/www/html/src/dev/tests/functional/vendor/magento/mtf/Magento/Mtf/TestCase/Functional.php(202): PHPUnit_Framework_TestCase->run(Object(PHPUnit_Framework_TestResult))
#26 /var/www/html/src/dev/tests/functional/vendor/magento/mtf/Magento/Mtf/TestCase/Injectable.php(202): Magento\Mtf\TestCase\Functional->run(Object(PHPUnit_Framework_TestResult))
#27 /var/www/html/src/dev/tests/functional/vendor/magento/mtf/Magento/Mtf/TestCase/Injectable.php(160): Magento\Mtf\TestCase\Injectable->executeTestVariation(Object(PHPUnit_Framework_TestResult), Array)
#28 /var/www/html/src/dev/tests/functional/vendor/phpunit/phpunit/src/Framework/TestSuite.php(675): Magento\Mtf\TestCase\Injectable->run(Object(PHPUnit_Framework_TestResult))
#29 /var/www/html/src/dev/tests/functional/vendor/phpunit/phpunit/src/Framework/TestSuite.php(675): PHPUnit_Framework_TestSuite->run(Object(PHPUnit_Framework_TestResult))
#30 /var/www/html/src/dev/tests/functional/vendor/phpunit/phpunit/src/TextUI/TestRunner.php(426): PHPUnit_Framework_TestSuite->run(Object(PHPUnit_Framework_TestResult))
#31 /var/www/html/src/dev/tests/functional/vendor/phpunit/phpunit/src/TextUI/Command.php(179): PHPUnit_TextUI_TestRunner->doRun(Object(PHPUnit_Framework_TestSuite), Array)
#32 /var/www/html/src/dev/tests/functional/vendor/phpunit/phpunit/src/TextUI/Command.php(132): PHPUnit_TextUI_Command->run(Array, true)
#33 /var/www/html/src/dev/tests/functional/vendor/phpunit/phpunit/phpunit(55): PHPUnit_TextUI_Command::main()
#34 {main}
Unable to get Js Errors. Exception: 
exception 'PHPUnit_Extensions_Selenium2TestCase_WebDriverException' with message 'move target out of bounds: Failed to read the 'localStorage' property from 'Window': Access is denied for this document.
  (Session info: chrome=64.0.3282.167)
  (Driver info: chromedriver=2.35.528139 (47ead77cb35ad2a9a83248b292151462a66cd881),platform=Linux 4.4.0-112-generic x86_64)' in /var/www/html/src/dev/tests/functional/vendor/phpunit/phpunit-selenium/PHPUnit/Extensions/Selenium2TestCase/Driver.php:165
Stack trace:
#0 /var/www/html/src/dev/tests/functional/vendor/phpunit/phpunit-selenium/PHPUnit/Extensions/Selenium2TestCase/Driver.php(175): PHPUnit_Extensions_Selenium2TestCase_Driver->curl('POST', Object(PHPUnit_Extensions_Selenium2TestCase_URL), Array)
#1 /var/www/html/src/dev/tests/functional/vendor/phpunit/phpunit-selenium/PHPUnit/Extensions/Selenium2TestCase/CommandsHolder.php(100): PHPUnit_Extensions_Selenium2TestCase_Driver->execute(Object(PHPUnit_Extensions_Selenium2TestCase_ElementCommand_GenericPost))
#2 [internal function]: PHPUnit_Extensions_Selenium2TestCase_CommandsHolder->__call('execute', Array)
#3 [internal function]: PHPUnit_Extensions_Selenium2TestCase_Session->execute(Array)
#4 /var/www/html/src/dev/tests/functional/vendor/phpunit/phpunit-selenium/PHPUnit/Extensions/Selenium2TestCase.php(344): call_user_func_array(Array, Array)
#5 /var/www/html/src/dev/tests/functional/vendor/magento/mtf/Magento/Mtf/Client/Driver/Selenium/Driver.php(237): PHPUnit_Extensions_Selenium2TestCase->__call('execute', Array)
#6 /var/www/html/src/dev/tests/functional/vendor/magento/mtf/Magento/Mtf/Client/Driver/Selenium/Driver.php(237): Magento\Mtf\Client\Driver\Selenium\RemoteDriver->execute(Array)
#7 /var/www/html/src/dev/tests/functional/vendor/magento/mtf/Magento/Mtf/Client/Browser.php(264): Magento\Mtf\Client\Driver\Selenium\Driver->getJsErrors()
#8 /var/www/html/src/dev/tests/functional/vendor/magento/mtf/Magento/Mtf/System/Observer/ClientError.php(52): Magento\Mtf\Client\Browser->getJsErrors()
#9 /var/www/html/src/dev/tests/functional/vendor/magento/mtf/Magento/Mtf/System/Event/EventManager.php(83): Magento\Mtf\System\Observer\ClientError->process(Object(Magento\Mtf\System\Event\Event))
#10 /var/www/html/src/dev/tests/functional/vendor/magento/mtf/Magento/Mtf/System/Event/State.php(109): Magento\Mtf\System\Event\EventManager->dispatchEvent(Array, Array)
#11 /var/www/html/src/dev/tests/functional/vendor/magento/mtf/Magento/Mtf/System/Observer/PageUrl.php(44): Magento\Mtf\System\Event\State->setPageUrl('http://localhos...')
#12 /var/www/html/src/dev/tests/functional/vendor/magento/mtf/Magento/Mtf/System/Event/EventManager.php(83): Magento\Mtf\System\Observer\PageUrl->process(Object(Magento\Mtf\System\Event\Event))
#13 /var/www/html/src/dev/tests/functional/vendor/magento/mtf/Magento/Mtf/Client/Driver/Selenium/Driver.php(595): Magento\Mtf\System\Event\EventManager->dispatchEvent(Array, Array)
#14 /var/www/html/src/dev/tests/functional/vendor/magento/mtf/Magento/Mtf/Client/Browser.php(74): Magento\Mtf\Client\Driver\Selenium\Driver->open('http://localhos...')
#15 /var/www/html/src/dev/tests/functional/vendor/magento/mtf/Magento/Mtf/Page/Page.php(154): Magento\Mtf\Client\Browser->open('http://localhos...')
#16 /var/www/html/src/dev/tests/functional/lib/Magento/Mtf/Page/BackendPage.php(89): Magento\Mtf\Page\Page->open(Array)
#17 /var/www/html/src/dev/tests/functional/tests/app/Mage/Adminhtml/Test/TestCase/CreateStoreGroupEntityTest.php(139): Magento\Mtf\Page\BackendPage->open()
#18 [internal function]: Mage\Adminhtml\Test\TestCase\CreateStoreGroupEntityTest->test(Object(Mage\Adminhtml\Test\Fixture\StoreGroup))
#19 /var/www/html/src/dev/tests/functional/vendor/phpunit/phpunit/src/Framework/TestCase.php(951): ReflectionMethod->invokeArgs(Object(Mage\Adminhtml\Test\TestCase\CreateStoreGroupEntityTest), Array)
#20 /var/www/html/src/dev/tests/functional/vendor/magento/mtf/Magento/Mtf/TestCase/Injectable.php(218): PHPUnit_Framework_TestCase->runTest()
#21 /var/www/html/src/dev/tests/functional/vendor/magento/mtf/Magento/Mtf/TestCase/Functional.php(288): Magento\Mtf\TestCase\Injectable->runTest()
#22 /var/www/html/src/dev/tests/functional/vendor/phpunit/phpunit/src/Framework/TestResult.php(686): Magento\Mtf\TestCase\Functional->runBare()
#23 /var/www/html/src/dev/tests/functional/vendor/phpunit/phpunit/src/Framework/TestCase.php(753): PHPUnit_Framework_TestResult->run(Object(Mage\Adminhtml\Test\TestCase\CreateStoreGroupEntityTest))
#24 /var/www/html/src/dev/tests/functional/vendor/magento/mtf/Magento/Mtf/TestCase/Functional.php(202): PHPUnit_Framework_TestCase->run(Object(PHPUnit_Framework_TestResult))
#25 /var/www/html/src/dev/tests/functional/vendor/magento/mtf/Magento/Mtf/TestCase/Injectable.php(202): Magento\Mtf\TestCase\Functional->run(Object(PHPUnit_Framework_TestResult))
#26 /var/www/html/src/dev/tests/functional/vendor/magento/mtf/Magento/Mtf/TestCase/Injectable.php(160): Magento\Mtf\TestCase\Injectable->executeTestVariation(Object(PHPUnit_Framework_TestResult), Array)
#27 /var/www/html/src/dev/tests/functional/vendor/phpunit/phpunit/src/Framework/TestSuite.php(675): Magento\Mtf\TestCase\Injectable->run(Object(PHPUnit_Framework_TestResult))
#28 /var/www/html/src/dev/tests/functional/vendor/phpunit/phpunit/src/Framework/TestSuite.php(675): PHPUnit_Framework_TestSuite->run(Object(PHPUnit_Framework_TestResult))
#29 /var/www/html/src/dev/tests/functional/vendor/phpunit/phpunit/src/TextUI/TestRunner.php(426): PHPUnit_Framework_TestSuite->run(Object(PHPUnit_Framework_TestResult))
#30 /var/www/html/src/dev/tests/functional/vendor/phpunit/phpunit/src/TextUI/Command.php(179): PHPUnit_TextUI_TestRunner->doRun(Object(PHPUnit_Framework_TestSuite), Array)
#31 /var/www/html/src/dev/tests/functional/vendor/phpunit/phpunit/src/TextUI/Command.php(132): PHPUnit_TextUI_Command->run(Array, true)
#32 /var/www/html/src/dev/tests/functional/vendor/phpunit/phpunit/phpunit(55): PHPUnit_TextUI_Command::main()
#33 {main}
